<?xml version="1.0" encoding="UTF-8"?>
<coverage generated="1770381911079" clover="3.2.0">
  <project timestamp="1770381911079" name="All files">
    <metrics statements="108" coveredstatements="108" conditionals="169" coveredconditionals="168" methods="60" coveredmethods="60" elements="337" coveredelements="336" complexity="0" loc="108" ncloc="108" packages="5" files="13" classes="13"/>
    <package name="components.gtd">
      <metrics statements="59" coveredstatements="59" conditionals="50" coveredconditionals="50" methods="29" coveredmethods="29"/>
      <file name="InboxCapture.tsx" path="/Users/wolfgang/workspace/terminandoyo/frontend/src/components/gtd/InboxCapture.tsx">
        <metrics statements="13" coveredstatements="13" conditionals="7" coveredconditionals="7" methods="4" coveredmethods="4"/>
        <line num="16" count="65" type="stmt"/>
        <line num="17" count="65" type="stmt"/>
        <line num="19" count="65" type="stmt"/>
        <line num="20" count="4" type="stmt"/>
        <line num="21" count="4" type="cond" truecount="2" falsecount="0"/>
        <line num="22" count="3" type="stmt"/>
        <line num="23" count="3" type="stmt"/>
        <line num="24" count="3" type="stmt"/>
        <line num="27" count="65" type="stmt"/>
        <line num="41" count="49" type="stmt"/>
        <line num="43" count="52" type="cond" truecount="2" falsecount="0"/>
        <line num="44" count="3" type="stmt"/>
        <line num="45" count="3" type="stmt"/>
      </file>
      <file name="InboxItem.tsx" path="/Users/wolfgang/workspace/terminandoyo/frontend/src/components/gtd/InboxItem.tsx">
        <metrics statements="2" coveredstatements="2" conditionals="4" coveredconditionals="4" methods="2" coveredmethods="2"/>
        <line num="29" count="21" type="stmt"/>
        <line num="51" count="1" type="stmt"/>
      </file>
      <file name="InboxList.tsx" path="/Users/wolfgang/workspace/terminandoyo/frontend/src/components/gtd/InboxList.tsx">
        <metrics statements="6" coveredstatements="6" conditionals="6" coveredconditionals="6" methods="5" coveredmethods="5"/>
        <line num="28" count="6" type="stmt"/>
        <line num="30" count="10" type="stmt"/>
        <line num="34" count="6" type="stmt"/>
        <line num="48" count="15" type="stmt"/>
        <line num="53" count="1" type="stmt"/>
        <line num="54" count="1" type="stmt"/>
      </file>
      <file name="InboxTriage.tsx" path="/Users/wolfgang/workspace/terminandoyo/frontend/src/components/gtd/InboxTriage.tsx">
        <metrics statements="38" coveredstatements="38" conditionals="33" coveredconditionals="33" methods="18" coveredmethods="18"/>
        <line num="19" count="3" type="stmt"/>
        <line num="52" count="84" type="stmt"/>
        <line num="53" count="84" type="stmt"/>
        <line num="56" count="84" type="stmt"/>
        <line num="57" count="84" type="stmt"/>
        <line num="58" count="84" type="stmt"/>
        <line num="59" count="84" type="stmt"/>
        <line num="63" count="84" type="stmt"/>
        <line num="64" count="10" type="stmt"/>
        <line num="65" count="10" type="cond" truecount="2" falsecount="0"/>
        <line num="66" count="10" type="cond" truecount="2" falsecount="0"/>
        <line num="67" count="10" type="cond" truecount="2" falsecount="0"/>
        <line num="68" count="10" type="cond" truecount="2" falsecount="0"/>
        <line num="69" count="10" type="stmt"/>
        <line num="72" count="84" type="stmt"/>
        <line num="73" count="1" type="stmt"/>
        <line num="76" count="84" type="stmt"/>
        <line num="77" count="5" type="stmt"/>
        <line num="78" count="5" type="cond" truecount="4" falsecount="0"/>
        <line num="79" count="4" type="stmt"/>
        <line num="80" count="4" type="stmt"/>
        <line num="84" count="84" type="stmt"/>
        <line num="85" count="1" type="stmt"/>
        <line num="88" count="84" type="stmt"/>
        <line num="93" count="420" type="stmt"/>
        <line num="95" count="10" type="stmt"/>
        <line num="125" count="15" type="stmt"/>
        <line num="153" count="3" type="stmt"/>
        <line num="161" count="6" type="stmt"/>
        <line num="178" count="1" type="stmt"/>
        <line num="191" count="171" type="stmt"/>
        <line num="195" count="3" type="cond" truecount="2" falsecount="0"/>
        <line num="219" count="31" type="stmt"/>
        <line num="221" count="34" type="cond" truecount="2" falsecount="0"/>
        <line num="222" count="3" type="stmt"/>
        <line num="223" count="3" type="stmt"/>
        <line num="239" count="10" type="stmt"/>
        <line num="245" count="1" type="stmt"/>
      </file>
    </package>
    <package name="components.paperclip">
      <metrics statements="16" coveredstatements="16" conditionals="31" coveredconditionals="30" methods="7" coveredmethods="7"/>
      <file name="AttachmentChip.tsx" path="/Users/wolfgang/workspace/terminandoyo/frontend/src/components/paperclip/AttachmentChip.tsx">
        <metrics statements="3" coveredstatements="3" conditionals="2" coveredconditionals="2" methods="1" coveredmethods="1"/>
        <line num="8" count="4" type="stmt"/>
        <line num="64" count="15" type="stmt"/>
        <line num="66" count="15" type="stmt"/>
      </file>
      <file name="BucketBadge.tsx" path="/Users/wolfgang/workspace/terminandoyo/frontend/src/components/paperclip/BucketBadge.tsx">
        <metrics statements="3" coveredstatements="3" conditionals="3" coveredconditionals="3" methods="1" coveredmethods="1"/>
        <line num="8" count="4" type="stmt"/>
        <line num="62" count="43" type="stmt"/>
        <line num="64" count="43" type="stmt"/>
      </file>
      <file name="ConfidenceBadge.tsx" path="/Users/wolfgang/workspace/terminandoyo/frontend/src/components/paperclip/ConfidenceBadge.tsx">
        <metrics statements="4" coveredstatements="4" conditionals="5" coveredconditionals="5" methods="1" coveredmethods="1"/>
        <line num="8" count="4" type="stmt"/>
        <line num="44" count="36" type="cond" truecount="2" falsecount="0"/>
        <line num="45" count="36" type="stmt"/>
        <line num="47" count="36" type="stmt"/>
      </file>
      <file name="ObjectCard.tsx" path="/Users/wolfgang/workspace/terminandoyo/frontend/src/components/paperclip/ObjectCard.tsx">
        <metrics statements="6" coveredstatements="6" conditionals="21" coveredconditionals="20" methods="4" coveredmethods="4"/>
        <line num="41" count="32" type="stmt"/>
        <line num="66" count="2" type="cond" truecount="3" falsecount="1"/>
        <line num="67" count="2" type="stmt"/>
        <line num="68" count="2" type="stmt"/>
        <line num="93" count="3" type="stmt"/>
        <line num="99" count="1" type="stmt"/>
      </file>
    </package>
    <package name="components.ui">
      <metrics statements="1" coveredstatements="1" conditionals="4" coveredconditionals="4" methods="1" coveredmethods="1"/>
      <file name="Icon.tsx" path="/Users/wolfgang/workspace/terminandoyo/frontend/src/components/ui/Icon.tsx">
        <metrics statements="1" coveredstatements="1" conditionals="4" coveredconditionals="4" methods="1" coveredmethods="1"/>
        <line num="19" count="875" type="stmt"/>
      </file>
    </package>
    <package name="lib">
      <metrics statements="1" coveredstatements="1" conditionals="0" coveredconditionals="0" methods="1" coveredmethods="1"/>
      <file name="utils.ts" path="/Users/wolfgang/workspace/terminandoyo/frontend/src/lib/utils.ts">
        <metrics statements="1" coveredstatements="1" conditionals="0" coveredconditionals="0" methods="1" coveredmethods="1"/>
        <line num="5" count="1901" type="stmt"/>
      </file>
    </package>
    <package name="model">
      <metrics statements="31" coveredstatements="31" conditionals="84" coveredconditionals="84" methods="22" coveredmethods="22"/>
      <file name="canonical-id.ts" path="/Users/wolfgang/workspace/terminandoyo/frontend/src/model/canonical-id.ts">
        <metrics statements="3" coveredstatements="3" conditionals="0" coveredconditionals="0" methods="2" coveredmethods="2"/>
        <line num="28" count="54" type="stmt"/>
        <line num="35" count="3" type="stmt"/>
        <line num="36" count="3" type="stmt"/>
      </file>
      <file name="factories.ts" path="/Users/wolfgang/workspace/terminandoyo/frontend/src/model/factories.ts">
        <metrics statements="24" coveredstatements="24" conditionals="84" coveredconditionals="84" methods="16" coveredmethods="16"/>
        <line num="14" count="4" type="stmt"/>
        <line num="17" count="45" type="stmt"/>
        <line num="18" count="45" type="stmt"/>
        <line num="22" count="45" type="stmt"/>
        <line num="26" count="44" type="stmt"/>
        <line num="27" count="44" type="stmt"/>
        <line num="35" count="42" type="stmt"/>
        <line num="45" count="25" type="cond" truecount="2" falsecount="0"/>
        <line num="46" count="25" type="stmt"/>
        <line num="69" count="11" type="cond" truecount="2" falsecount="0"/>
        <line num="70" count="11" type="stmt"/>
        <line num="103" count="6" type="cond" truecount="2" falsecount="0"/>
        <line num="104" count="6" type="stmt"/>
        <line num="132" count="2" type="cond" truecount="2" falsecount="0"/>
        <line num="133" count="2" type="stmt"/>
        <line num="157" count="1" type="cond" truecount="2" falsecount="0"/>
        <line num="158" count="1" type="stmt"/>
        <line num="174" count="1" type="stmt"/>
        <line num="187" count="2" type="stmt"/>
        <line num="191" count="1" type="stmt"/>
        <line num="200" count="2" type="stmt"/>
        <line num="206" count="2" type="stmt"/>
        <line num="208" count="5" type="stmt"/>
        <line num="218" count="38" type="stmt"/>
      </file>
      <file name="gtd-types.ts" path="/Users/wolfgang/workspace/terminandoyo/frontend/src/model/gtd-types.ts">
        <metrics statements="4" coveredstatements="4" conditionals="0" coveredconditionals="0" methods="4" coveredmethods="4"/>
        <line num="292" count="2" type="stmt"/>
        <line num="296" count="4" type="stmt"/>
        <line num="300" count="2" type="stmt"/>
        <line num="304" count="1" type="stmt"/>
      </file>
    </package>
  </project>
</coverage>
