{"/Users/wolfgang/workspace/frontend/project/frontend/src/components/ui/Tooltip.tsx": {"path":"/Users/wolfgang/workspace/frontend/project/frontend/src/components/ui/Tooltip.tsx","statementMap":{"0":{"start":{"line":30,"column":32},"end":{"line":30,"column":null}},"1":{"start":{"line":31,"column":38},"end":{"line":33,"column":null}},"2":{"start":{"line":34,"column":30},"end":{"line":37,"column":null}},"3":{"start":{"line":38,"column":8},"end":{"line":38,"column":null}},"4":{"start":{"line":39,"column":8},"end":{"line":39,"column":null}},"5":{"start":{"line":40,"column":8},"end":{"line":40,"column":null}},"6":{"start":{"line":41,"column":8},"end":{"line":41,"column":null}},"7":{"start":{"line":43,"column":25},"end":{"line":43,"column":null}},"8":{"start":{"line":45,"column":8},"end":{"line":52,"column":null}},"9":{"start":{"line":47,"column":4},"end":{"line":50,"column":null}},"10":{"start":{"line":48,"column":22},"end":{"line":48,"column":null}},"11":{"start":{"line":49,"column":6},"end":{"line":49,"column":null}},"12":{"start":{"line":51,"column":4},"end":{"line":51,"column":null}},"13":{"start":{"line":51,"column":42},"end":{"line":51,"column":62}},"14":{"start":{"line":54,"column":8},"end":{"line":57,"column":null}},"15":{"start":{"line":55,"column":4},"end":{"line":55,"column":null}},"16":{"start":{"line":56,"column":4},"end":{"line":56,"column":null}},"17":{"start":{"line":60,"column":2},"end":{"line":60,"column":null}},"18":{"start":{"line":60,"column":18},"end":{"line":60,"column":58}},"19":{"start":{"line":60,"column":24},"end":{"line":60,"column":58}},"20":{"start":{"line":63,"column":2},"end":{"line":88,"column":null}},"21":{"start":{"line":64,"column":4},"end":{"line":64,"column":null}},"22":{"start":{"line":64,"column":43},"end":{"line":64,"column":null}},"23":{"start":{"line":66,"column":24},"end":{"line":66,"column":null}},"24":{"start":{"line":67,"column":22},"end":{"line":67,"column":null}},"25":{"start":{"line":68,"column":25},"end":{"line":68,"column":null}},"26":{"start":{"line":69,"column":26},"end":{"line":69,"column":null}},"27":{"start":{"line":70,"column":16},"end":{"line":70,"column":null}},"28":{"start":{"line":73,"column":4},"end":{"line":81,"column":null}},"29":{"start":{"line":74,"column":6},"end":{"line":74,"column":null}},"30":{"start":{"line":76,"column":6},"end":{"line":76,"column":null}},"31":{"start":{"line":78,"column":6},"end":{"line":80,"column":null}},"32":{"start":{"line":79,"column":8},"end":{"line":79,"column":null}},"33":{"start":{"line":84,"column":15},"end":{"line":84,"column":null}},"34":{"start":{"line":85,"column":4},"end":{"line":85,"column":null}},"35":{"start":{"line":87,"column":4},"end":{"line":87,"column":null}},"36":{"start":{"line":90,"column":2},"end":{"line":118,"column":null}}},"fnMap":{"0":{"name":"Tooltip","decl":{"start":{"line":23,"column":16},"end":{"line":23,"column":24}},"loc":{"start":{"line":29,"column":17},"end":{"line":120,"column":null}},"line":29},"1":{"name":"(anonymous_1)","decl":{"start":{"line":45,"column":27},"end":{"line":45,"column":33}},"loc":{"start":{"line":45,"column":33},"end":{"line":52,"column":5}},"line":45},"2":{"name":"(anonymous_2)","decl":{"start":{"line":51,"column":36},"end":{"line":51,"column":42}},"loc":{"start":{"line":51,"column":42},"end":{"line":51,"column":62}},"line":51},"3":{"name":"(anonymous_3)","decl":{"start":{"line":54,"column":27},"end":{"line":54,"column":33}},"loc":{"start":{"line":54,"column":33},"end":{"line":57,"column":5}},"line":54},"4":{"name":"(anonymous_4)","decl":{"start":{"line":60,"column":12},"end":{"line":60,"column":18}},"loc":{"start":{"line":60,"column":18},"end":{"line":60,"column":58}},"line":60},"5":{"name":"(anonymous_5)","decl":{"start":{"line":60,"column":18},"end":{"line":60,"column":24}},"loc":{"start":{"line":60,"column":24},"end":{"line":60,"column":58}},"line":60},"6":{"name":"(anonymous_6)","decl":{"start":{"line":63,"column":12},"end":{"line":63,"column":18}},"loc":{"start":{"line":63,"column":18},"end":{"line":88,"column":5}},"line":63}},"branchMap":{"0":{"loc":{"start":{"line":25,"column":2},"end":{"line":25,"column":null}},"type":"default-arg","locations":[{"start":{"line":25,"column":14},"end":{"line":25,"column":null}}],"line":25},"1":{"loc":{"start":{"line":26,"column":2},"end":{"line":26,"column":null}},"type":"default-arg","locations":[{"start":{"line":26,"column":10},"end":{"line":26,"column":null}}],"line":26},"2":{"loc":{"start":{"line":43,"column":25},"end":{"line":43,"column":null}},"type":"binary-expr","locations":[{"start":{"line":43,"column":25},"end":{"line":43,"column":34}},{"start":{"line":43,"column":34},"end":{"line":43,"column":null}}],"line":43},"3":{"loc":{"start":{"line":47,"column":4},"end":{"line":50,"column":null}},"type":"if","locations":[{"start":{"line":47,"column":4},"end":{"line":50,"column":null}},{"start":{},"end":{}}],"line":47},"4":{"loc":{"start":{"line":47,"column":8},"end":{"line":47,"column":38}},"type":"binary-expr","locations":[{"start":{"line":47,"column":8},"end":{"line":47,"column":18}},{"start":{"line":47,"column":18},"end":{"line":47,"column":38}}],"line":47},"5":{"loc":{"start":{"line":49,"column":22},"end":{"line":49,"column":70}},"type":"binary-expr","locations":[{"start":{"line":49,"column":22},"end":{"line":49,"column":61}},{"start":{"line":49,"column":61},"end":{"line":49,"column":70}}],"line":49},"6":{"loc":{"start":{"line":64,"column":4},"end":{"line":64,"column":null}},"type":"if","locations":[{"start":{"line":64,"column":4},"end":{"line":64,"column":null}},{"start":{},"end":{}}],"line":64},"7":{"loc":{"start":{"line":64,"column":8},"end":{"line":64,"column":43}},"type":"binary-expr","locations":[{"start":{"line":64,"column":8},"end":{"line":64,"column":22}},{"start":{"line":64,"column":22},"end":{"line":64,"column":43}}],"line":64},"8":{"loc":{"start":{"line":68,"column":25},"end":{"line":68,"column":null}},"type":"binary-expr","locations":[{"start":{"line":68,"column":25},"end":{"line":68,"column":51}},{"start":{"line":68,"column":51},"end":{"line":68,"column":null}}],"line":68},"9":{"loc":{"start":{"line":69,"column":26},"end":{"line":69,"column":null}},"type":"binary-expr","locations":[{"start":{"line":69,"column":26},"end":{"line":69,"column":53}},{"start":{"line":69,"column":53},"end":{"line":69,"column":null}}],"line":69},"10":{"loc":{"start":{"line":73,"column":4},"end":{"line":81,"column":null}},"type":"if","locations":[{"start":{"line":73,"column":4},"end":{"line":81,"column":null}},{"start":{"line":75,"column":11},"end":{"line":81,"column":null}}],"line":73},"11":{"loc":{"start":{"line":78,"column":6},"end":{"line":80,"column":null}},"type":"if","locations":[{"start":{"line":78,"column":6},"end":{"line":80,"column":null}},{"start":{},"end":{}}],"line":78},"12":{"loc":{"start":{"line":100,"column":7},"end":{"line":117,"column":null}},"type":"binary-expr","locations":[{"start":{"line":100,"column":7},"end":{"line":100,"column":null}},{"start":{"line":101,"column":8},"end":{"line":101,"column":null}},{"start":{"line":101,"column":8},"end":{"line":117,"column":null}}],"line":100}},"s":{"0":1248,"1":1248,"2":1248,"3":1248,"4":1248,"5":1248,"6":1248,"7":1248,"8":1248,"9":63,"10":56,"11":56,"12":63,"13":33,"14":1248,"15":18,"16":18,"17":1248,"18":759,"19":759,"20":1248,"21":769,"22":761,"23":8,"24":8,"25":8,"26":769,"27":769,"28":769,"29":0,"30":8,"31":8,"32":8,"33":8,"34":8,"35":8,"36":1248},"f":{"0":1248,"1":63,"2":33,"3":18,"4":759,"5":759,"6":769},"b":{"0":[1248],"1":[1248],"2":[1248,1181],"3":[56,7],"4":[63,56],"5":[56,0],"6":[761,8],"7":[769,8],"8":[8,0],"9":[769,0],"10":[0,8],"11":[8,0],"12":[1248,17,17]},"meta":{"lastBranch":13,"lastFunction":7,"lastStatement":37,"seen":{"f:23:16:23:24":0,"b:25:14:25:Infinity":0,"b:26:10:26:Infinity":1,"s:30:32:30:Infinity":0,"s:31:38:33:Infinity":1,"s:34:30:37:Infinity":2,"s:38:8:38:Infinity":3,"s:39:8:39:Infinity":4,"s:40:8:40:Infinity":5,"s:41:8:41:Infinity":6,"s:43:25:43:Infinity":7,"b:43:25:43:34:43:34:43:Infinity":2,"s:45:8:52:Infinity":8,"f:45:27:45:33":1,"b:47:4:50:Infinity:undefined:undefined:undefined:undefined":3,"s:47:4:50:Infinity":9,"b:47:8:47:18:47:18:47:38":4,"s:48:22:48:Infinity":10,"s:49:6:49:Infinity":11,"b:49:22:49:61:49:61:49:70":5,"s:51:4:51:Infinity":12,"f:51:36:51:42":2,"s:51:42:51:62":13,"s:54:8:57:Infinity":14,"f:54:27:54:33":3,"s:55:4:55:Infinity":15,"s:56:4:56:Infinity":16,"s:60:2:60:Infinity":17,"f:60:12:60:18":4,"s:60:18:60:58":18,"f:60:18:60:24":5,"s:60:24:60:58":19,"s:63:2:88:Infinity":20,"f:63:12:63:18":6,"b:64:4:64:Infinity:undefined:undefined:undefined:undefined":6,"s:64:4:64:Infinity":21,"b:64:8:64:22:64:22:64:43":7,"s:64:43:64:Infinity":22,"s:66:24:66:Infinity":23,"s:67:22:67:Infinity":24,"s:68:25:68:Infinity":25,"b:68:25:68:51:68:51:68:Infinity":8,"s:69:26:69:Infinity":26,"b:69:26:69:53:69:53:69:Infinity":9,"s:70:16:70:Infinity":27,"b:73:4:81:Infinity:75:11:81:Infinity":10,"s:73:4:81:Infinity":28,"s:74:6:74:Infinity":29,"s:76:6:76:Infinity":30,"b:78:6:80:Infinity:undefined:undefined:undefined:undefined":11,"s:78:6:80:Infinity":31,"s:79:8:79:Infinity":32,"s:84:15:84:Infinity":33,"s:85:4:85:Infinity":34,"s:87:4:87:Infinity":35,"s:90:2:118:Infinity":36,"b:100:7:100:Infinity:101:8:101:Infinity:101:8:117:Infinity":12}}}
}
