{"/Users/wolfgang/workspace/terminandoyo/frontend/src/App.tsx": {"path":"/Users/wolfgang/workspace/terminandoyo/frontend/src/App.tsx","statementMap":{"0":{"start":{"line":20,"column":51},"end":{"line":20,"column":null}},"1":{"start":{"line":22,"column":2},"end":{"line":32,"column":null}},"2":{"start":{"line":23,"column":4},"end":{"line":30,"column":null}},"3":{"start":{"line":34,"column":2},"end":{"line":36,"column":null}},"4":{"start":{"line":35,"column":4},"end":{"line":35,"column":null}},"5":{"start":{"line":38,"column":2},"end":{"line":38,"column":null}},"6":{"start":{"line":48,"column":29},"end":{"line":48,"column":null}},"7":{"start":{"line":49,"column":34},"end":{"line":49,"column":null}},"8":{"start":{"line":50,"column":43},"end":{"line":50,"column":null}},"9":{"start":{"line":52,"column":8},"end":{"line":61,"column":null}},"10":{"start":{"line":54,"column":6},"end":{"line":58,"column":null}},"11":{"start":{"line":55,"column":8},"end":{"line":55,"column":null}},"12":{"start":{"line":57,"column":8},"end":{"line":57,"column":null}},"13":{"start":{"line":63,"column":8},"end":{"line":68,"column":null}},"14":{"start":{"line":65,"column":6},"end":{"line":65,"column":null}},"15":{"start":{"line":70,"column":8},"end":{"line":75,"column":null}},"16":{"start":{"line":72,"column":6},"end":{"line":72,"column":null}},"17":{"start":{"line":77,"column":2},"end":{"line":117,"column":null}},"18":{"start":{"line":103,"column":33},"end":{"line":103,"column":null}},"19":{"start":{"line":113,"column":23},"end":{"line":113,"column":null}},"20":{"start":{"line":114,"column":40},"end":{"line":114,"column":null}}},"fnMap":{"0":{"name":"App","decl":{"start":{"line":19,"column":9},"end":{"line":19,"column":15}},"loc":{"start":{"line":19,"column":15},"end":{"line":39,"column":null}},"line":19},"1":{"name":"AuthenticatedApp","decl":{"start":{"line":41,"column":9},"end":{"line":41,"column":26}},"loc":{"start":{"line":47,"column":3},"end":{"line":119,"column":null}},"line":47},"2":{"name":"(anonymous_2)","decl":{"start":{"line":53,"column":4},"end":{"line":53,"column":5}},"loc":{"start":{"line":53,"column":23},"end":{"line":59,"column":null}},"line":53},"3":{"name":"(anonymous_3)","decl":{"start":{"line":64,"column":4},"end":{"line":64,"column":5}},"loc":{"start":{"line":64,"column":24},"end":{"line":66,"column":null}},"line":64},"4":{"name":"(anonymous_4)","decl":{"start":{"line":71,"column":4},"end":{"line":71,"column":5}},"loc":{"start":{"line":71,"column":26},"end":{"line":73,"column":null}},"line":71},"5":{"name":"(anonymous_5)","decl":{"start":{"line":100,"column":26},"end":{"line":100,"column":32}},"loc":{"start":{"line":100,"column":32},"end":{"line":102,"column":null}},"line":100},"6":{"name":"(anonymous_6)","decl":{"start":{"line":103,"column":27},"end":{"line":103,"column":33}},"loc":{"start":{"line":103,"column":33},"end":{"line":103,"column":null}},"line":103},"7":{"name":"(anonymous_7)","decl":{"start":{"line":113,"column":17},"end":{"line":113,"column":23}},"loc":{"start":{"line":113,"column":23},"end":{"line":113,"column":null}},"line":113},"8":{"name":"(anonymous_8)","decl":{"start":{"line":114,"column":28},"end":{"line":114,"column":29}},"loc":{"start":{"line":114,"column":40},"end":{"line":114,"column":null}},"line":114}},"branchMap":{"0":{"loc":{"start":{"line":22,"column":2},"end":{"line":32,"column":null}},"type":"if","locations":[{"start":{"line":22,"column":2},"end":{"line":32,"column":null}},{"start":{},"end":{}}],"line":22},"1":{"loc":{"start":{"line":34,"column":2},"end":{"line":36,"column":null}},"type":"if","locations":[{"start":{"line":34,"column":2},"end":{"line":36,"column":null}},{"start":{},"end":{}}],"line":34},"2":{"loc":{"start":{"line":54,"column":6},"end":{"line":58,"column":null}},"type":"if","locations":[{"start":{"line":54,"column":6},"end":{"line":58,"column":null}},{"start":{"line":56,"column":13},"end":{"line":58,"column":null}}],"line":54},"3":{"loc":{"start":{"line":80,"column":18},"end":{"line":80,"column":null}},"type":"binary-expr","locations":[{"start":{"line":80,"column":18},"end":{"line":80,"column":35}},{"start":{"line":80,"column":35},"end":{"line":80,"column":null}}],"line":80},"4":{"loc":{"start":{"line":88,"column":7},"end":{"line":92,"column":null}},"type":"binary-expr","locations":[{"start":{"line":88,"column":7},"end":{"line":88,"column":null}},{"start":{"line":89,"column":8},"end":{"line":92,"column":null}}],"line":88},"5":{"loc":{"start":{"line":96,"column":7},"end":{"line":107,"column":null}},"type":"binary-expr","locations":[{"start":{"line":96,"column":7},"end":{"line":96,"column":null}},{"start":{"line":97,"column":8},"end":{"line":107,"column":null}}],"line":96}},"s":{"0":0,"1":0,"2":0,"3":0,"4":0,"5":0,"6":0,"7":0,"8":0,"9":0,"10":0,"11":0,"12":0,"13":0,"14":0,"15":0,"16":0,"17":0,"18":0,"19":0,"20":0},"f":{"0":0,"1":0,"2":0,"3":0,"4":0,"5":0,"6":0,"7":0,"8":0},"b":{"0":[0,0],"1":[0,0],"2":[0,0],"3":[0,0],"4":[0,0],"5":[0,0]},"meta":{"lastBranch":6,"lastFunction":9,"lastStatement":21,"seen":{"f:19:9:19:15":0,"s:20:51:20:Infinity":0,"b:22:2:32:Infinity:undefined:undefined:undefined:undefined":0,"s:22:2:32:Infinity":1,"s:23:4:30:Infinity":2,"b:34:2:36:Infinity:undefined:undefined:undefined:undefined":1,"s:34:2:36:Infinity":3,"s:35:4:35:Infinity":4,"s:38:2:38:Infinity":5,"f:41:9:41:26":1,"s:48:29:48:Infinity":6,"s:49:34:49:Infinity":7,"s:50:43:50:Infinity":8,"s:52:8:61:Infinity":9,"f:53:4:53:5":2,"b:54:6:58:Infinity:56:13:58:Infinity":2,"s:54:6:58:Infinity":10,"s:55:8:55:Infinity":11,"s:57:8:57:Infinity":12,"s:63:8:68:Infinity":13,"f:64:4:64:5":3,"s:65:6:65:Infinity":14,"s:70:8:75:Infinity":15,"f:71:4:71:5":4,"s:72:6:72:Infinity":16,"s:77:2:117:Infinity":17,"b:80:18:80:35:80:35:80:Infinity":3,"b:88:7:88:Infinity:89:8:92:Infinity":4,"b:96:7:96:Infinity:97:8:107:Infinity":5,"f:100:26:100:32":5,"f:103:27:103:33":6,"s:103:33:103:Infinity":18,"f:113:17:113:23":7,"s:113:23:113:Infinity":19,"f:114:28:114:29":8,"s:114:40:114:Infinity":20}}}
,"/Users/wolfgang/workspace/terminandoyo/frontend/src/components/auth/LoginPage.tsx": {"path":"/Users/wolfgang/workspace/terminandoyo/frontend/src/components/auth/LoginPage.tsx","statementMap":{"0":{"start":{"line":83,"column":14},"end":{"line":83,"column":15}},"1":{"start":{"line":1,"column":25},"end":{"line":1,"column":null}},"2":{"start":{"line":13,"column":24},"end":{"line":35,"column":null}},"3":{"start":{"line":43,"column":26},"end":{"line":43,"column":null}},"4":{"start":{"line":44,"column":28},"end":{"line":44,"column":null}},"5":{"start":{"line":45,"column":34},"end":{"line":45,"column":null}},"6":{"start":{"line":46,"column":28},"end":{"line":46,"column":null}},"7":{"start":{"line":47,"column":42},"end":{"line":47,"column":null}},"8":{"start":{"line":49,"column":23},"end":{"line":66,"column":null}},"9":{"start":{"line":50,"column":4},"end":{"line":50,"column":null}},"10":{"start":{"line":51,"column":4},"end":{"line":51,"column":null}},"11":{"start":{"line":52,"column":4},"end":{"line":52,"column":null}},"12":{"start":{"line":53,"column":4},"end":{"line":65,"column":null}},"13":{"start":{"line":54,"column":6},"end":{"line":58,"column":null}},"14":{"start":{"line":55,"column":8},"end":{"line":55,"column":null}},"15":{"start":{"line":57,"column":8},"end":{"line":57,"column":null}},"16":{"start":{"line":61,"column":8},"end":{"line":61,"column":null}},"17":{"start":{"line":62,"column":6},"end":{"line":62,"column":null}},"18":{"start":{"line":64,"column":6},"end":{"line":64,"column":null}},"19":{"start":{"line":69,"column":4},"end":{"line":69,"column":null}},"20":{"start":{"line":71,"column":2},"end":{"line":231,"column":null}},"21":{"start":{"line":96,"column":14},"end":{"line":108,"column":null}},"22":{"start":{"line":144,"column":35},"end":{"line":144,"column":null}},"23":{"start":{"line":163,"column":35},"end":{"line":163,"column":null}},"24":{"start":{"line":208,"column":20},"end":{"line":208,"column":null}},"25":{"start":{"line":209,"column":20},"end":{"line":209,"column":null}},"26":{"start":{"line":219,"column":20},"end":{"line":219,"column":null}},"27":{"start":{"line":220,"column":20},"end":{"line":220,"column":null}}},"fnMap":{"0":{"name":"LoginPage","decl":{"start":{"line":37,"column":16},"end":{"line":37,"column":26}},"loc":{"start":{"line":42,"column":19},"end":{"line":233,"column":null}},"line":42},"1":{"name":"(anonymous_1)","decl":{"start":{"line":49,"column":23},"end":{"line":49,"column":30}},"loc":{"start":{"line":49,"column":53},"end":{"line":66,"column":null}},"line":49},"2":{"name":"(anonymous_2)","decl":{"start":{"line":95,"column":33},"end":{"line":95,"column":34}},"loc":{"start":{"line":96,"column":14},"end":{"line":108,"column":null}},"line":96},"3":{"name":"(anonymous_3)","decl":{"start":{"line":144,"column":28},"end":{"line":144,"column":29}},"loc":{"start":{"line":144,"column":35},"end":{"line":144,"column":null}},"line":144},"4":{"name":"(anonymous_4)","decl":{"start":{"line":163,"column":28},"end":{"line":163,"column":29}},"loc":{"start":{"line":163,"column":35},"end":{"line":163,"column":null}},"line":163},"5":{"name":"(anonymous_5)","decl":{"start":{"line":207,"column":27},"end":{"line":207,"column":33}},"loc":{"start":{"line":207,"column":33},"end":{"line":210,"column":null}},"line":207},"6":{"name":"(anonymous_6)","decl":{"start":{"line":218,"column":27},"end":{"line":218,"column":33}},"loc":{"start":{"line":218,"column":33},"end":{"line":221,"column":null}},"line":218}},"branchMap":{"0":{"loc":{"start":{"line":46,"column":52},"end":{"line":46,"column":72}},"type":"binary-expr","locations":[{"start":{"line":46,"column":52},"end":{"line":46,"column":68}},{"start":{"line":46,"column":68},"end":{"line":46,"column":72}}],"line":46},"1":{"loc":{"start":{"line":54,"column":6},"end":{"line":58,"column":null}},"type":"if","locations":[{"start":{"line":54,"column":6},"end":{"line":58,"column":null}},{"start":{"line":56,"column":13},"end":{"line":58,"column":null}}],"line":54},"2":{"loc":{"start":{"line":61,"column":8},"end":{"line":61,"column":null}},"type":"cond-expr","locations":[{"start":{"line":61,"column":31},"end":{"line":61,"column":45}},{"start":{"line":61,"column":45},"end":{"line":61,"column":null}}],"line":61},"3":{"loc":{"start":{"line":117,"column":15},"end":{"line":117,"column":null}},"type":"cond-expr","locations":[{"start":{"line":117,"column":34},"end":{"line":117,"column":58}},{"start":{"line":117,"column":58},"end":{"line":117,"column":null}}],"line":117},"4":{"loc":{"start":{"line":120,"column":13},"end":{"line":128,"column":null}},"type":"binary-expr","locations":[{"start":{"line":120,"column":13},"end":{"line":120,"column":null}},{"start":{"line":121,"column":14},"end":{"line":128,"column":null}}],"line":120},"5":{"loc":{"start":{"line":166,"column":20},"end":{"line":166,"column":null}},"type":"cond-expr","locations":[{"start":{"line":166,"column":42},"end":{"line":166,"column":64}},{"start":{"line":166,"column":64},"end":{"line":166,"column":null}}],"line":166},"6":{"loc":{"start":{"line":183,"column":17},"end":{"line":188,"column":null}},"type":"binary-expr","locations":[{"start":{"line":183,"column":17},"end":{"line":183,"column":null}},{"start":{"line":184,"column":18},"end":{"line":188,"column":null}}],"line":183},"7":{"loc":{"start":{"line":190,"column":17},"end":{"line":190,"column":null}},"type":"cond-expr","locations":[{"start":{"line":190,"column":36},"end":{"line":190,"column":48}},{"start":{"line":190,"column":48},"end":{"line":190,"column":null}}],"line":190},"8":{"loc":{"start":{"line":192,"column":15},"end":{"line":198,"column":null}},"type":"binary-expr","locations":[{"start":{"line":192,"column":15},"end":{"line":192,"column":null}},{"start":{"line":193,"column":16},"end":{"line":198,"column":null}}],"line":192},"9":{"loc":{"start":{"line":204,"column":15},"end":{"line":225,"column":null}},"type":"cond-expr","locations":[{"start":{"line":205,"column":16},"end":{"line":214,"column":null}},{"start":{"line":216,"column":16},"end":{"line":225,"column":null}}],"line":204}},"s":{"0":1,"1":1,"2":1,"3":81,"4":81,"5":81,"6":81,"7":81,"8":81,"9":2,"10":2,"11":2,"12":2,"13":2,"14":1,"15":1,"16":0,"17":0,"18":2,"19":81,"20":81,"21":324,"22":31,"23":36,"24":3,"25":3,"26":1,"27":1},"f":{"0":81,"1":2,"2":324,"3":31,"4":36,"5":3,"6":1},"b":{"0":[81,80],"1":[1,1],"2":[0,0],"3":[43,38],"4":[81,1],"5":[38,43],"6":[81,2],"7":[43,38],"8":[81,79],"9":[43,38]},"meta":{"lastBranch":10,"lastFunction":7,"lastStatement":28,"seen":{"s:83:14:83:15":0,"s:1:25:1:Infinity":1,"s:13:24:35:Infinity":2,"f:37:16:37:26":0,"s:43:26:43:Infinity":3,"s:44:28:44:Infinity":4,"s:45:34:45:Infinity":5,"s:46:28:46:Infinity":6,"b:46:52:46:68:46:68:46:72":0,"s:47:42:47:Infinity":7,"s:49:23:66:Infinity":8,"f:49:23:49:30":1,"s:50:4:50:Infinity":9,"s:51:4:51:Infinity":10,"s:52:4:52:Infinity":11,"s:53:4:65:Infinity":12,"b:54:6:58:Infinity:56:13:58:Infinity":1,"s:54:6:58:Infinity":13,"s:55:8:55:Infinity":14,"s:57:8:57:Infinity":15,"s:61:8:61:Infinity":16,"b:61:31:61:45:61:45:61:Infinity":2,"s:62:6:62:Infinity":17,"s:64:6:64:Infinity":18,"s:69:4:69:Infinity":19,"s:71:2:231:Infinity":20,"f:95:33:95:34":2,"s:96:14:108:Infinity":21,"b:117:34:117:58:117:58:117:Infinity":3,"b:120:13:120:Infinity:121:14:128:Infinity":4,"f:144:28:144:29":3,"s:144:35:144:Infinity":22,"f:163:28:163:29":4,"s:163:35:163:Infinity":23,"b:166:42:166:64:166:64:166:Infinity":5,"b:183:17:183:Infinity:184:18:188:Infinity":6,"b:190:36:190:48:190:48:190:Infinity":7,"b:192:15:192:Infinity:193:16:198:Infinity":8,"b:205:16:214:Infinity:216:16:225:Infinity":9,"f:207:27:207:33":5,"s:208:20:208:Infinity":24,"s:209:20:209:Infinity":25,"f:218:27:218:33":6,"s:219:20:219:Infinity":26,"s:220:20:220:Infinity":27}}}
,"/Users/wolfgang/workspace/terminandoyo/frontend/src/components/paperclip/AttachmentChip.tsx": {"path":"/Users/wolfgang/workspace/terminandoyo/frontend/src/components/paperclip/AttachmentChip.tsx","statementMap":{"0":{"start":{"line":75,"column":6},"end":{"line":75,"column":7}},"1":{"start":{"line":8,"column":4},"end":{"line":49,"column":null}},"2":{"start":{"line":64,"column":17},"end":{"line":64,"column":null}},"3":{"start":{"line":66,"column":2},"end":{"line":86,"column":null}}},"fnMap":{"0":{"name":"AttachmentChip","decl":{"start":{"line":58,"column":16},"end":{"line":58,"column":31}},"loc":{"start":{"line":63,"column":24},"end":{"line":88,"column":null}},"line":63}},"branchMap":{"0":{"loc":{"start":{"line":77,"column":7},"end":{"line":84,"column":null}},"type":"binary-expr","locations":[{"start":{"line":77,"column":7},"end":{"line":77,"column":null}},{"start":{"line":78,"column":8},"end":{"line":84,"column":null}}],"line":77}},"s":{"0":2,"1":2,"2":15,"3":15},"f":{"0":15},"b":{"0":[15,0]},"meta":{"lastBranch":1,"lastFunction":1,"lastStatement":4,"seen":{"s:75:6:75:7":0,"s:8:4:49:Infinity":1,"f:58:16:58:31":0,"s:64:17:64:Infinity":2,"s:66:2:86:Infinity":3,"b:77:7:77:Infinity:78:8:84:Infinity":0}}}
,"/Users/wolfgang/workspace/terminandoyo/frontend/src/components/paperclip/BucketBadge.tsx": {"path":"/Users/wolfgang/workspace/terminandoyo/frontend/src/components/paperclip/BucketBadge.tsx","statementMap":{"0":{"start":{"line":72,"column":6},"end":{"line":72,"column":7}},"1":{"start":{"line":8,"column":4},"end":{"line":49,"column":null}},"2":{"start":{"line":62,"column":17},"end":{"line":62,"column":null}},"3":{"start":{"line":64,"column":2},"end":{"line":74,"column":null}}},"fnMap":{"0":{"name":"BucketBadge","decl":{"start":{"line":57,"column":16},"end":{"line":57,"column":28}},"loc":{"start":{"line":61,"column":21},"end":{"line":76,"column":null}},"line":61}},"branchMap":{"0":{"loc":{"start":{"line":59,"column":2},"end":{"line":59,"column":null}},"type":"default-arg","locations":[{"start":{"line":59,"column":14},"end":{"line":59,"column":null}}],"line":59},"1":{"loc":{"start":{"line":73,"column":7},"end":{"line":73,"column":null}},"type":"binary-expr","locations":[{"start":{"line":73,"column":7},"end":{"line":73,"column":20}},{"start":{"line":73,"column":20},"end":{"line":73,"column":null}}],"line":73}},"s":{"0":10,"1":10,"2":39,"3":39},"f":{"0":39},"b":{"0":[39],"1":[39,38]},"meta":{"lastBranch":2,"lastFunction":1,"lastStatement":4,"seen":{"s:72:6:72:7":0,"s:8:4:49:Infinity":1,"f:57:16:57:28":0,"b:59:14:59:Infinity":0,"s:62:17:62:Infinity":2,"s:64:2:74:Infinity":3,"b:73:7:73:20:73:20:73:Infinity":1}}}
,"/Users/wolfgang/workspace/terminandoyo/frontend/src/components/paperclip/ConfidenceBadge.tsx": {"path":"/Users/wolfgang/workspace/terminandoyo/frontend/src/components/paperclip/ConfidenceBadge.tsx","statementMap":{"0":{"start":{"line":56,"column":6},"end":{"line":56,"column":7}},"1":{"start":{"line":8,"column":4},"end":{"line":29,"column":null}},"2":{"start":{"line":44,"column":14},"end":{"line":44,"column":null}},"3":{"start":{"line":45,"column":17},"end":{"line":45,"column":null}},"4":{"start":{"line":47,"column":2},"end":{"line":58,"column":null}}},"fnMap":{"0":{"name":"ConfidenceBadge","decl":{"start":{"line":38,"column":16},"end":{"line":38,"column":32}},"loc":{"start":{"line":43,"column":25},"end":{"line":60,"column":null}},"line":43}},"branchMap":{"0":{"loc":{"start":{"line":41,"column":2},"end":{"line":41,"column":null}},"type":"default-arg","locations":[{"start":{"line":41,"column":14},"end":{"line":41,"column":null}}],"line":41},"1":{"loc":{"start":{"line":44,"column":14},"end":{"line":44,"column":null}},"type":"cond-expr","locations":[{"start":{"line":44,"column":32},"end":{"line":44,"column":47}},{"start":{"line":44,"column":47},"end":{"line":44,"column":null}}],"line":44},"2":{"loc":{"start":{"line":57,"column":7},"end":{"line":57,"column":null}},"type":"binary-expr","locations":[{"start":{"line":57,"column":7},"end":{"line":57,"column":20}},{"start":{"line":57,"column":20},"end":{"line":57,"column":null}}],"line":57}},"s":{"0":2,"1":2,"2":18,"3":18,"4":18},"f":{"0":18},"b":{"0":[18],"1":[5,13],"2":[18,8]},"meta":{"lastBranch":3,"lastFunction":1,"lastStatement":5,"seen":{"s:56:6:56:7":0,"s:8:4:29:Infinity":1,"f:38:16:38:32":0,"b:41:14:41:Infinity":0,"s:44:14:44:Infinity":2,"b:44:32:44:47:44:47:44:Infinity":1,"s:45:17:45:Infinity":3,"s:47:2:58:Infinity":4,"b:57:7:57:20:57:20:57:Infinity":2}}}
,"/Users/wolfgang/workspace/terminandoyo/frontend/src/components/paperclip/ObjectCard.tsx": {"path":"/Users/wolfgang/workspace/terminandoyo/frontend/src/components/paperclip/ObjectCard.tsx","statementMap":{"0":{"start":{"line":81,"column":29},"end":{"line":81,"column":30}},"1":{"start":{"line":45,"column":2},"end":{"line":117,"column":null}},"2":{"start":{"line":70,"column":14},"end":{"line":73,"column":null}},"3":{"start":{"line":71,"column":16},"end":{"line":71,"column":null}},"4":{"start":{"line":72,"column":16},"end":{"line":72,"column":null}},"5":{"start":{"line":101,"column":12},"end":{"line":110,"column":null}},"6":{"start":{"line":107,"column":26},"end":{"line":107,"column":null}}},"fnMap":{"0":{"name":"ObjectCard","decl":{"start":{"line":29,"column":16},"end":{"line":29,"column":27}},"loc":{"start":{"line":44,"column":20},"end":{"line":119,"column":null}},"line":44},"1":{"name":"(anonymous_1)","decl":{"start":{"line":69,"column":12},"end":{"line":69,"column":13}},"loc":{"start":{"line":69,"column":19},"end":{"line":74,"column":null}},"line":69},"2":{"name":"(anonymous_2)","decl":{"start":{"line":100,"column":27},"end":{"line":100,"column":28}},"loc":{"start":{"line":101,"column":12},"end":{"line":110,"column":null}},"line":101},"3":{"name":"(anonymous_3)","decl":{"start":{"line":107,"column":20},"end":{"line":107,"column":26}},"loc":{"start":{"line":107,"column":26},"end":{"line":107,"column":null}},"line":107}},"branchMap":{"0":{"loc":{"start":{"line":35,"column":2},"end":{"line":35,"column":null}},"type":"default-arg","locations":[{"start":{"line":35,"column":16},"end":{"line":35,"column":null}}],"line":35},"1":{"loc":{"start":{"line":36,"column":2},"end":{"line":36,"column":null}},"type":"default-arg","locations":[{"start":{"line":36,"column":14},"end":{"line":36,"column":null}}],"line":36},"2":{"loc":{"start":{"line":39,"column":2},"end":{"line":39,"column":null}},"type":"default-arg","locations":[{"start":{"line":39,"column":16},"end":{"line":39,"column":null}}],"line":39},"3":{"loc":{"start":{"line":40,"column":2},"end":{"line":40,"column":null}},"type":"default-arg","locations":[{"start":{"line":40,"column":20},"end":{"line":40,"column":null}}],"line":40},"4":{"loc":{"start":{"line":41,"column":2},"end":{"line":41,"column":null}},"type":"default-arg","locations":[{"start":{"line":41,"column":24},"end":{"line":41,"column":null}}],"line":41},"5":{"loc":{"start":{"line":52,"column":8},"end":{"line":52,"column":null}},"type":"binary-expr","locations":[{"start":{"line":52,"column":8},"end":{"line":52,"column":21}},{"start":{"line":52,"column":21},"end":{"line":52,"column":null}}],"line":52},"6":{"loc":{"start":{"line":65,"column":12},"end":{"line":65,"column":null}},"type":"cond-expr","locations":[{"start":{"line":65,"column":26},"end":{"line":65,"column":37}},{"start":{"line":65,"column":37},"end":{"line":65,"column":null}}],"line":65},"7":{"loc":{"start":{"line":66,"column":16},"end":{"line":66,"column":null}},"type":"cond-expr","locations":[{"start":{"line":66,"column":30},"end":{"line":66,"column":34}},{"start":{"line":66,"column":34},"end":{"line":66,"column":null}}],"line":66},"8":{"loc":{"start":{"line":68,"column":8},"end":{"line":75,"column":null}},"type":"cond-expr","locations":[{"start":{"line":69,"column":12},"end":{"line":74,"column":null}},{"start":{"line":75,"column":12},"end":{"line":75,"column":null}}],"line":68},"9":{"loc":{"start":{"line":70,"column":14},"end":{"line":73,"column":null}},"type":"if","locations":[{"start":{"line":70,"column":14},"end":{"line":73,"column":null}},{"start":{},"end":{}}],"line":70},"10":{"loc":{"start":{"line":70,"column":18},"end":{"line":70,"column":54}},"type":"binary-expr","locations":[{"start":{"line":70,"column":18},"end":{"line":70,"column":39}},{"start":{"line":70,"column":39},"end":{"line":70,"column":54}}],"line":70},"11":{"loc":{"start":{"line":79,"column":8},"end":{"line":88,"column":null}},"type":"binary-expr","locations":[{"start":{"line":79,"column":8},"end":{"line":79,"column":27}},{"start":{"line":79,"column":27},"end":{"line":79,"column":null}},{"start":{"line":80,"column":8},"end":{"line":88,"column":null}}],"line":79},"12":{"loc":{"start":{"line":81,"column":11},"end":{"line":81,"column":null}},"type":"cond-expr","locations":[{"start":{"line":81,"column":29},"end":{"line":81,"column":63}},{"start":{"line":81,"column":63},"end":{"line":81,"column":null}}],"line":81},"13":{"loc":{"start":{"line":82,"column":11},"end":{"line":86,"column":null}},"type":"binary-expr","locations":[{"start":{"line":82,"column":11},"end":{"line":82,"column":null}},{"start":{"line":83,"column":12},"end":{"line":86,"column":null}}],"line":82},"14":{"loc":{"start":{"line":95,"column":7},"end":{"line":95,"column":null}},"type":"binary-expr","locations":[{"start":{"line":95,"column":7},"end":{"line":95,"column":19}},{"start":{"line":95,"column":19},"end":{"line":95,"column":null}}],"line":95},"15":{"loc":{"start":{"line":98,"column":7},"end":{"line":112,"column":null}},"type":"binary-expr","locations":[{"start":{"line":98,"column":7},"end":{"line":98,"column":null}},{"start":{"line":99,"column":8},"end":{"line":112,"column":null}}],"line":98},"16":{"loc":{"start":{"line":106,"column":16},"end":{"line":108,"column":null}},"type":"cond-expr","locations":[{"start":{"line":107,"column":20},"end":{"line":107,"column":null}},{"start":{"line":108,"column":20},"end":{"line":108,"column":null}}],"line":106}},"s":{"0":1,"1":10,"2":0,"3":0,"4":0,"5":3,"6":0},"f":{"0":10,"1":0,"2":3,"3":0},"b":{"0":[10],"1":[10],"2":[10],"3":[10],"4":[10],"5":[10,2],"6":[9,1],"7":[9,1],"8":[0,1],"9":[0,0],"10":[0,0],"11":[10,0,10],"12":[10,0],"13":[10,10],"14":[10,5],"15":[10,2],"16":[0,3]},"meta":{"lastBranch":17,"lastFunction":4,"lastStatement":7,"seen":{"s:81:29:81:30":0,"f:29:16:29:27":0,"b:35:16:35:Infinity":0,"b:36:14:36:Infinity":1,"b:39:16:39:Infinity":2,"b:40:20:40:Infinity":3,"b:41:24:41:Infinity":4,"s:45:2:117:Infinity":1,"b:52:8:52:21:52:21:52:Infinity":5,"b:65:26:65:37:65:37:65:Infinity":6,"b:66:30:66:34:66:34:66:Infinity":7,"b:69:12:74:Infinity:75:12:75:Infinity":8,"f:69:12:69:13":1,"b:70:14:73:Infinity:undefined:undefined:undefined:undefined":9,"s:70:14:73:Infinity":2,"b:70:18:70:39:70:39:70:54":10,"s:71:16:71:Infinity":3,"s:72:16:72:Infinity":4,"b:79:8:79:27:79:27:79:Infinity:80:8:88:Infinity":11,"b:81:29:81:63:81:63:81:Infinity":12,"b:82:11:82:Infinity:83:12:86:Infinity":13,"b:95:7:95:19:95:19:95:Infinity":14,"b:98:7:98:Infinity:99:8:112:Infinity":15,"f:100:27:100:28":2,"s:101:12:110:Infinity":5,"b:107:20:107:Infinity:108:20:108:Infinity":16,"f:107:20:107:26":3,"s:107:26:107:Infinity":6}}}
,"/Users/wolfgang/workspace/terminandoyo/frontend/src/components/settings/DeveloperPanel.tsx": {"path":"/Users/wolfgang/workspace/terminandoyo/frontend/src/components/settings/DeveloperPanel.tsx","statementMap":{"0":{"start":{"line":41,"column":12},"end":{"line":41,"column":13}},"1":{"start":{"line":1,"column":25},"end":{"line":1,"column":null}},"2":{"start":{"line":19,"column":28},"end":{"line":19,"column":null}},"3":{"start":{"line":20,"column":40},"end":{"line":20,"column":null}},"4":{"start":{"line":22,"column":22},"end":{"line":34,"column":null}},"5":{"start":{"line":23,"column":4},"end":{"line":23,"column":null}},"6":{"start":{"line":23,"column":18},"end":{"line":23,"column":null}},"7":{"start":{"line":24,"column":4},"end":{"line":24,"column":null}},"8":{"start":{"line":25,"column":4},"end":{"line":33,"column":null}},"9":{"start":{"line":26,"column":21},"end":{"line":26,"column":null}},"10":{"start":{"line":27,"column":6},"end":{"line":27,"column":null}},"11":{"start":{"line":29,"column":6},"end":{"line":32,"column":null}},"12":{"start":{"line":36,"column":2},"end":{"line":158,"column":null}},"13":{"start":{"line":66,"column":20},"end":{"line":66,"column":null}},"14":{"start":{"line":67,"column":20},"end":{"line":67,"column":null}},"15":{"start":{"line":87,"column":37},"end":{"line":87,"column":null}},"16":{"start":{"line":103,"column":37},"end":{"line":103,"column":null}},"17":{"start":{"line":124,"column":24},"end":{"line":126,"column":null}},"18":{"start":{"line":132,"column":35},"end":{"line":132,"column":null}},"19":{"start":{"line":147,"column":35},"end":{"line":147,"column":null}}},"fnMap":{"0":{"name":"DeveloperPanel","decl":{"start":{"line":18,"column":16},"end":{"line":18,"column":31}},"loc":{"start":{"line":18,"column":76},"end":{"line":160,"column":null}},"line":18},"1":{"name":"(anonymous_1)","decl":{"start":{"line":22,"column":22},"end":{"line":22,"column":34}},"loc":{"start":{"line":22,"column":34},"end":{"line":34,"column":null}},"line":22},"2":{"name":"(anonymous_2)","decl":{"start":{"line":65,"column":27},"end":{"line":65,"column":33}},"loc":{"start":{"line":65,"column":33},"end":{"line":68,"column":null}},"line":65},"3":{"name":"(anonymous_3)","decl":{"start":{"line":87,"column":30},"end":{"line":87,"column":31}},"loc":{"start":{"line":87,"column":37},"end":{"line":87,"column":null}},"line":87},"4":{"name":"(anonymous_4)","decl":{"start":{"line":103,"column":31},"end":{"line":103,"column":37}},"loc":{"start":{"line":103,"column":37},"end":{"line":103,"column":null}},"line":103},"5":{"name":"(anonymous_5)","decl":{"start":{"line":123,"column":22},"end":{"line":123,"column":23}},"loc":{"start":{"line":124,"column":24},"end":{"line":126,"column":null}},"line":124},"6":{"name":"(anonymous_6)","decl":{"start":{"line":132,"column":29},"end":{"line":132,"column":35}},"loc":{"start":{"line":132,"column":35},"end":{"line":132,"column":null}},"line":132},"7":{"name":"(anonymous_7)","decl":{"start":{"line":147,"column":29},"end":{"line":147,"column":35}},"loc":{"start":{"line":147,"column":35},"end":{"line":147,"column":null}},"line":147}},"branchMap":{"0":{"loc":{"start":{"line":23,"column":4},"end":{"line":23,"column":null}},"type":"if","locations":[{"start":{"line":23,"column":4},"end":{"line":23,"column":null}},{"start":{},"end":{}}],"line":23},"1":{"loc":{"start":{"line":31,"column":17},"end":{"line":31,"column":null}},"type":"cond-expr","locations":[{"start":{"line":31,"column":40},"end":{"line":31,"column":54}},{"start":{"line":31,"column":54},"end":{"line":31,"column":null}}],"line":31},"2":{"loc":{"start":{"line":62,"column":15},"end":{"line":72,"column":null}},"type":"binary-expr","locations":[{"start":{"line":62,"column":15},"end":{"line":62,"column":null}},{"start":{"line":63,"column":16},"end":{"line":72,"column":null}}],"line":62},"3":{"loc":{"start":{"line":75,"column":15},"end":{"line":109,"column":null}},"type":"binary-expr","locations":[{"start":{"line":75,"column":15},"end":{"line":75,"column":null}},{"start":{"line":76,"column":16},"end":{"line":109,"column":null}}],"line":75},"4":{"loc":{"start":{"line":112,"column":15},"end":{"line":113,"column":null}},"type":"binary-expr","locations":[{"start":{"line":112,"column":15},"end":{"line":112,"column":null}},{"start":{"line":113,"column":16},"end":{"line":113,"column":null}}],"line":112},"5":{"loc":{"start":{"line":116,"column":15},"end":{"line":137,"column":null}},"type":"binary-expr","locations":[{"start":{"line":116,"column":15},"end":{"line":116,"column":null}},{"start":{"line":117,"column":16},"end":{"line":137,"column":null}}],"line":116},"6":{"loc":{"start":{"line":140,"column":15},"end":{"line":152,"column":null}},"type":"binary-expr","locations":[{"start":{"line":140,"column":15},"end":{"line":140,"column":null}},{"start":{"line":141,"column":16},"end":{"line":152,"column":null}}],"line":140}},"s":{"0":3,"1":3,"2":11,"3":11,"4":11,"5":1,"6":0,"7":1,"8":1,"9":1,"10":1,"11":0,"12":11,"13":1,"14":1,"15":5,"16":0,"17":3,"18":0,"19":0},"f":{"0":11,"1":1,"2":1,"3":5,"4":0,"5":3,"6":0,"7":0},"b":{"0":[0,1],"1":[0,0],"2":[11,3],"3":[11,6],"4":[11,1],"5":[11,1],"6":[11,0]},"meta":{"lastBranch":7,"lastFunction":8,"lastStatement":20,"seen":{"s:41:12:41:13":0,"s:1:25:1:Infinity":1,"f:18:16:18:31":0,"s:19:28:19:Infinity":2,"s:20:40:20:Infinity":3,"s:22:22:34:Infinity":4,"f:22:22:22:34":1,"b:23:4:23:Infinity:undefined:undefined:undefined:undefined":0,"s:23:4:23:Infinity":5,"s:23:18:23:Infinity":6,"s:24:4:24:Infinity":7,"s:25:4:33:Infinity":8,"s:26:21:26:Infinity":9,"s:27:6:27:Infinity":10,"s:29:6:32:Infinity":11,"b:31:40:31:54:31:54:31:Infinity":1,"s:36:2:158:Infinity":12,"b:62:15:62:Infinity:63:16:72:Infinity":2,"f:65:27:65:33":2,"s:66:20:66:Infinity":13,"s:67:20:67:Infinity":14,"b:75:15:75:Infinity:76:16:109:Infinity":3,"f:87:30:87:31":3,"s:87:37:87:Infinity":15,"f:103:31:103:37":4,"s:103:37:103:Infinity":16,"b:112:15:112:Infinity:113:16:113:Infinity":4,"b:116:15:116:Infinity:117:16:137:Infinity":5,"f:123:22:123:23":5,"s:124:24:126:Infinity":17,"f:132:29:132:35":6,"s:132:35:132:Infinity":18,"b:140:15:140:Infinity:141:16:152:Infinity":6,"f:147:29:147:35":7,"s:147:35:147:Infinity":19}}}
,"/Users/wolfgang/workspace/terminandoyo/frontend/src/components/settings/DuplicateImportWarning.tsx": {"path":"/Users/wolfgang/workspace/terminandoyo/frontend/src/components/settings/DuplicateImportWarning.tsx","statementMap":{"0":{"start":{"line":37,"column":8},"end":{"line":37,"column":9}},"1":{"start":{"line":17,"column":2},"end":{"line":23,"column":null}},"2":{"start":{"line":31,"column":2},"end":{"line":70,"column":null}}},"fnMap":{"0":{"name":"formatDate","decl":{"start":{"line":16,"column":9},"end":{"line":16,"column":20}},"loc":{"start":{"line":16,"column":41},"end":{"line":24,"column":null}},"line":16},"1":{"name":"DuplicateImportWarning","decl":{"start":{"line":26,"column":16},"end":{"line":26,"column":39}},"loc":{"start":{"line":30,"column":32},"end":{"line":72,"column":null}},"line":30}},"branchMap":{},"s":{"0":2,"1":4,"2":4},"f":{"0":4,"1":4},"b":{},"meta":{"lastBranch":0,"lastFunction":2,"lastStatement":3,"seen":{"s:37:8:37:9":0,"f:16:9:16:20":0,"s:17:2:23:Infinity":1,"f:26:16:26:39":1,"s:31:2:70:Infinity":2}}}
,"/Users/wolfgang/workspace/terminandoyo/frontend/src/components/settings/ImportExportPanel.tsx": {"path":"/Users/wolfgang/workspace/terminandoyo/frontend/src/components/settings/ImportExportPanel.tsx","statementMap":{"0":{"start":{"line":30,"column":12},"end":{"line":30,"column":13}},"1":{"start":{"line":1,"column":25},"end":{"line":1,"column":null}},"2":{"start":{"line":22,"column":48},"end":{"line":22,"column":null}},"3":{"start":{"line":23,"column":50},"end":{"line":23,"column":null}},"4":{"start":{"line":24,"column":2},"end":{"line":136,"column":null}},"5":{"start":{"line":36,"column":12},"end":{"line":74,"column":null}},"6":{"start":{"line":90,"column":14},"end":{"line":90,"column":null}},"7":{"start":{"line":112,"column":31},"end":{"line":112,"column":null}},"8":{"start":{"line":121,"column":31},"end":{"line":121,"column":null}},"9":{"start":{"line":129,"column":25},"end":{"line":129,"column":null}}},"fnMap":{"0":{"name":"ImportExportPanel","decl":{"start":{"line":15,"column":16},"end":{"line":15,"column":34}},"loc":{"start":{"line":21,"column":27},"end":{"line":138,"column":null}},"line":21},"1":{"name":"(anonymous_1)","decl":{"start":{"line":35,"column":30},"end":{"line":35,"column":31}},"loc":{"start":{"line":36,"column":12},"end":{"line":74,"column":null}},"line":36},"2":{"name":"(anonymous_2)","decl":{"start":{"line":89,"column":28},"end":{"line":89,"column":29}},"loc":{"start":{"line":90,"column":14},"end":{"line":90,"column":null}},"line":90},"3":{"name":"(anonymous_3)","decl":{"start":{"line":112,"column":24},"end":{"line":112,"column":25}},"loc":{"start":{"line":112,"column":31},"end":{"line":112,"column":null}},"line":112},"4":{"name":"(anonymous_4)","decl":{"start":{"line":121,"column":24},"end":{"line":121,"column":25}},"loc":{"start":{"line":121,"column":31},"end":{"line":121,"column":null}},"line":121},"5":{"name":"(anonymous_5)","decl":{"start":{"line":129,"column":19},"end":{"line":129,"column":25}},"loc":{"start":{"line":129,"column":25},"end":{"line":129,"column":null}},"line":129}},"branchMap":{"0":{"loc":{"start":{"line":40,"column":16},"end":{"line":40,"column":null}},"type":"cond-expr","locations":[{"start":{"line":40,"column":35},"end":{"line":40,"column":53}},{"start":{"line":40,"column":53},"end":{"line":40,"column":null}}],"line":40},"1":{"loc":{"start":{"line":47,"column":18},"end":{"line":47,"column":null}},"type":"cond-expr","locations":[{"start":{"line":47,"column":37},"end":{"line":47,"column":60}},{"start":{"line":47,"column":60},"end":{"line":47,"column":null}}],"line":47},"2":{"loc":{"start":{"line":54,"column":15},"end":{"line":72,"column":null}},"type":"cond-expr","locations":[{"start":{"line":55,"column":16},"end":{"line":68,"column":null}},{"start":{"line":70,"column":16},"end":{"line":72,"column":null}}],"line":54},"3":{"loc":{"start":{"line":58,"column":20},"end":{"line":62,"column":null}},"type":"cond-expr","locations":[{"start":{"line":59,"column":24},"end":{"line":59,"column":null}},{"start":{"line":60,"column":24},"end":{"line":62,"column":null}}],"line":58},"4":{"loc":{"start":{"line":60,"column":24},"end":{"line":62,"column":null}},"type":"cond-expr","locations":[{"start":{"line":61,"column":26},"end":{"line":61,"column":null}},{"start":{"line":62,"column":26},"end":{"line":62,"column":null}}],"line":60},"5":{"loc":{"start":{"line":80,"column":7},"end":{"line":93,"column":null}},"type":"binary-expr","locations":[{"start":{"line":80,"column":7},"end":{"line":80,"column":21}},{"start":{"line":80,"column":21},"end":{"line":80,"column":null}},{"start":{"line":81,"column":8},"end":{"line":93,"column":null}}],"line":80}},"s":{"0":3,"1":3,"2":13,"3":13,"4":13,"5":65,"6":4,"7":1,"8":1,"9":2},"f":{"0":13,"1":65,"2":4,"3":1,"4":1,"5":2},"b":{"0":[26,39],"1":[26,39],"2":[26,39],"3":[13,13],"4":[13,0],"5":[13,1,1]},"meta":{"lastBranch":6,"lastFunction":6,"lastStatement":10,"seen":{"s:30:12:30:13":0,"s:1:25:1:Infinity":1,"f:15:16:15:34":0,"s:22:48:22:Infinity":2,"s:23:50:23:Infinity":3,"s:24:2:136:Infinity":4,"f:35:30:35:31":1,"s:36:12:74:Infinity":5,"b:40:35:40:53:40:53:40:Infinity":0,"b:47:37:47:60:47:60:47:Infinity":1,"b:55:16:68:Infinity:70:16:72:Infinity":2,"b:59:24:59:Infinity:60:24:62:Infinity":3,"b:61:26:61:Infinity:62:26:62:Infinity":4,"b:80:7:80:21:80:21:80:Infinity:81:8:93:Infinity":5,"f:89:28:89:29":2,"s:90:14:90:Infinity":6,"f:112:24:112:25":3,"s:112:31:112:Infinity":7,"f:121:24:121:25":4,"s:121:31:121:Infinity":8,"f:129:19:129:25":5,"s:129:25:129:Infinity":9}}}
,"/Users/wolfgang/workspace/terminandoyo/frontend/src/components/settings/ImportJobRow.tsx": {"path":"/Users/wolfgang/workspace/terminandoyo/frontend/src/components/settings/ImportJobRow.tsx","statementMap":{"0":{"start":{"line":133,"column":10},"end":{"line":133,"column":11}},"1":{"start":{"line":1,"column":36},"end":{"line":1,"column":null}},"2":{"start":{"line":30,"column":4},"end":{"line":51,"column":null}},"3":{"start":{"line":54,"column":12},"end":{"line":54,"column":null}},"4":{"start":{"line":55,"column":2},"end":{"line":61,"column":null}},"5":{"start":{"line":65,"column":13},"end":{"line":65,"column":null}},"6":{"start":{"line":66,"column":18},"end":{"line":66,"column":null}},"7":{"start":{"line":67,"column":2},"end":{"line":67,"column":null}},"8":{"start":{"line":67,"column":20},"end":{"line":67,"column":null}},"9":{"start":{"line":68,"column":18},"end":{"line":68,"column":null}},"10":{"start":{"line":69,"column":20},"end":{"line":69,"column":null}},"11":{"start":{"line":70,"column":2},"end":{"line":70,"column":null}},"12":{"start":{"line":74,"column":18},"end":{"line":74,"column":null}},"13":{"start":{"line":75,"column":2},"end":{"line":75,"column":null}},"14":{"start":{"line":75,"column":20},"end":{"line":75,"column":null}},"15":{"start":{"line":76,"column":18},"end":{"line":76,"column":null}},"16":{"start":{"line":77,"column":20},"end":{"line":77,"column":null}},"17":{"start":{"line":78,"column":2},"end":{"line":78,"column":null}},"18":{"start":{"line":86,"column":32},"end":{"line":86,"column":null}},"19":{"start":{"line":88,"column":2},"end":{"line":104,"column":null}},"20":{"start":{"line":89,"column":4},"end":{"line":89,"column":null}},"21":{"start":{"line":89,"column":30},"end":{"line":89,"column":null}},"22":{"start":{"line":91,"column":20},"end":{"line":94,"column":null}},"23":{"start":{"line":92,"column":17},"end":{"line":92,"column":null}},"24":{"start":{"line":93,"column":6},"end":{"line":93,"column":null}},"25":{"start":{"line":98,"column":24},"end":{"line":98,"column":null}},"26":{"start":{"line":99,"column":23},"end":{"line":99,"column":null}},"27":{"start":{"line":100,"column":4},"end":{"line":103,"column":null}},"28":{"start":{"line":101,"column":6},"end":{"line":101,"column":null}},"29":{"start":{"line":102,"column":6},"end":{"line":102,"column":null}},"30":{"start":{"line":106,"column":2},"end":{"line":106,"column":null}},"31":{"start":{"line":106,"column":15},"end":{"line":106,"column":null}},"32":{"start":{"line":107,"column":2},"end":{"line":107,"column":null}},"33":{"start":{"line":116,"column":17},"end":{"line":116,"column":null}},"34":{"start":{"line":117,"column":19},"end":{"line":117,"column":null}},"35":{"start":{"line":118,"column":18},"end":{"line":121,"column":null}},"36":{"start":{"line":123,"column":2},"end":{"line":206,"column":null}}},"fnMap":{"0":{"name":"formatTime","decl":{"start":{"line":53,"column":9},"end":{"line":53,"column":20}},"loc":{"start":{"line":53,"column":41},"end":{"line":62,"column":null}},"line":53},"1":{"name":"formatDuration","decl":{"start":{"line":64,"column":9},"end":{"line":64,"column":24}},"loc":{"start":{"line":64,"column":66},"end":{"line":71,"column":null}},"line":64},"2":{"name":"formatElapsed","decl":{"start":{"line":73,"column":9},"end":{"line":73,"column":23}},"loc":{"start":{"line":73,"column":43},"end":{"line":79,"column":null}},"line":73},"3":{"name":"useElapsedTime","decl":{"start":{"line":82,"column":9},"end":{"line":82,"column":null}},"loc":{"start":{"line":85,"column":17},"end":{"line":108,"column":null}},"line":85},"4":{"name":"(anonymous_4)","decl":{"start":{"line":88,"column":12},"end":{"line":88,"column":18}},"loc":{"start":{"line":88,"column":18},"end":{"line":104,"column":5}},"line":88},"5":{"name":"(anonymous_5)","decl":{"start":{"line":91,"column":20},"end":{"line":91,"column":26}},"loc":{"start":{"line":91,"column":26},"end":{"line":94,"column":null}},"line":91},"6":{"name":"(anonymous_6)","decl":{"start":{"line":100,"column":11},"end":{"line":100,"column":17}},"loc":{"start":{"line":100,"column":17},"end":{"line":103,"column":null}},"line":100},"7":{"name":"ImportJobRow","decl":{"start":{"line":115,"column":16},"end":{"line":115,"column":29}},"loc":{"start":{"line":115,"column":68},"end":{"line":208,"column":null}},"line":115}},"branchMap":{"0":{"loc":{"start":{"line":67,"column":2},"end":{"line":67,"column":null}},"type":"if","locations":[{"start":{"line":67,"column":2},"end":{"line":67,"column":null}},{"start":{},"end":{}}],"line":67},"1":{"loc":{"start":{"line":75,"column":2},"end":{"line":75,"column":null}},"type":"if","locations":[{"start":{"line":75,"column":2},"end":{"line":75,"column":null}},{"start":{},"end":{}}],"line":75},"2":{"loc":{"start":{"line":89,"column":4},"end":{"line":89,"column":null}},"type":"if","locations":[{"start":{"line":89,"column":4},"end":{"line":89,"column":null}},{"start":{},"end":{}}],"line":89},"3":{"loc":{"start":{"line":89,"column":8},"end":{"line":89,"column":30}},"type":"binary-expr","locations":[{"start":{"line":89,"column":8},"end":{"line":89,"column":19}},{"start":{"line":89,"column":19},"end":{"line":89,"column":30}}],"line":89},"4":{"loc":{"start":{"line":106,"column":2},"end":{"line":106,"column":null}},"type":"if","locations":[{"start":{"line":106,"column":2},"end":{"line":106,"column":null}},{"start":{},"end":{}}],"line":106},"5":{"loc":{"start":{"line":117,"column":19},"end":{"line":117,"column":null}},"type":"binary-expr","locations":[{"start":{"line":117,"column":19},"end":{"line":117,"column":47}},{"start":{"line":117,"column":47},"end":{"line":117,"column":null}}],"line":117},"6":{"loc":{"start":{"line":119,"column":4},"end":{"line":119,"column":null}},"type":"cond-expr","locations":[{"start":{"line":119,"column":31},"end":{"line":119,"column":48}},{"start":{"line":119,"column":48},"end":{"line":119,"column":null}}],"line":119},"7":{"loc":{"start":{"line":137,"column":11},"end":{"line":143,"column":null}},"type":"cond-expr","locations":[{"start":{"line":138,"column":12},"end":{"line":140,"column":null}},{"start":{"line":141,"column":14},"end":{"line":143,"column":null}}],"line":137},"8":{"loc":{"start":{"line":141,"column":14},"end":{"line":143,"column":null}},"type":"cond-expr","locations":[{"start":{"line":142,"column":12},"end":{"line":142,"column":null}},{"start":{"line":143,"column":14},"end":{"line":143,"column":null}}],"line":141},"9":{"loc":{"start":{"line":154,"column":26},"end":{"line":154,"column":68}},"type":"binary-expr","locations":[{"start":{"line":154,"column":26},"end":{"line":154,"column":54}},{"start":{"line":154,"column":54},"end":{"line":154,"column":68}}],"line":154},"10":{"loc":{"start":{"line":161,"column":7},"end":{"line":177,"column":null}},"type":"binary-expr","locations":[{"start":{"line":161,"column":7},"end":{"line":161,"column":null}},{"start":{"line":162,"column":8},"end":{"line":177,"column":null}}],"line":161},"11":{"loc":{"start":{"line":172,"column":11},"end":{"line":175,"column":null}},"type":"binary-expr","locations":[{"start":{"line":172,"column":11},"end":{"line":172,"column":null}},{"start":{"line":173,"column":12},"end":{"line":175,"column":null}}],"line":172},"12":{"loc":{"start":{"line":181,"column":7},"end":{"line":181,"column":null}},"type":"binary-expr","locations":[{"start":{"line":181,"column":7},"end":{"line":181,"column":20}},{"start":{"line":181,"column":20},"end":{"line":181,"column":null}}],"line":181},"13":{"loc":{"start":{"line":185,"column":9},"end":{"line":203,"column":null}},"type":"cond-expr","locations":[{"start":{"line":186,"column":10},"end":{"line":186,"column":null}},{"start":{"line":187,"column":12},"end":{"line":203,"column":null}}],"line":185},"14":{"loc":{"start":{"line":185,"column":9},"end":{"line":185,"column":null}},"type":"binary-expr","locations":[{"start":{"line":185,"column":9},"end":{"line":185,"column":37}},{"start":{"line":185,"column":37},"end":{"line":185,"column":null}}],"line":185},"15":{"loc":{"start":{"line":187,"column":12},"end":{"line":203,"column":null}},"type":"cond-expr","locations":[{"start":{"line":188,"column":10},"end":{"line":188,"column":null}},{"start":{"line":190,"column":10},"end":{"line":203,"column":null}}],"line":187},"16":{"loc":{"start":{"line":187,"column":12},"end":{"line":187,"column":null}},"type":"binary-expr","locations":[{"start":{"line":187,"column":12},"end":{"line":187,"column":39}},{"start":{"line":187,"column":39},"end":{"line":187,"column":null}}],"line":187},"17":{"loc":{"start":{"line":192,"column":23},"end":{"line":192,"column":null}},"type":"cond-expr","locations":[{"start":{"line":192,"column":40},"end":{"line":192,"column":69}},{"start":{"line":192,"column":69},"end":{"line":192,"column":null}}],"line":192},"18":{"loc":{"start":{"line":194,"column":13},"end":{"line":198,"column":null}},"type":"binary-expr","locations":[{"start":{"line":194,"column":13},"end":{"line":194,"column":32}},{"start":{"line":194,"column":32},"end":{"line":194,"column":null}},{"start":{"line":195,"column":14},"end":{"line":198,"column":null}}],"line":194},"19":{"loc":{"start":{"line":200,"column":13},"end":{"line":201,"column":null}},"type":"binary-expr","locations":[{"start":{"line":200,"column":13},"end":{"line":200,"column":33}},{"start":{"line":200,"column":33},"end":{"line":200,"column":null}},{"start":{"line":201,"column":14},"end":{"line":201,"column":null}}],"line":200}},"s":{"0":4,"1":4,"2":4,"3":15,"4":15,"5":6,"6":6,"7":6,"8":5,"9":1,"10":1,"11":1,"12":3,"13":3,"14":0,"15":3,"16":3,"17":3,"18":12,"19":12,"20":9,"21":6,"22":3,"23":3,"24":3,"25":3,"26":3,"27":3,"28":3,"29":3,"30":12,"31":6,"32":6,"33":12,"34":12,"35":12,"36":12},"f":{"0":15,"1":6,"2":3,"3":12,"4":9,"5":3,"6":3,"7":12},"b":{"0":[5,1],"1":[0,3],"2":[6,3],"3":[9,3],"4":[6,6],"5":[12,8],"6":[4,8],"7":[4,8],"8":[6,2],"9":[12,4],"10":[12,4],"11":[4,2],"12":[12,2],"13":[2,10],"14":[12,4],"15":[1,9],"16":[10,2],"17":[8,1],"18":[9,6,6],"19":[9,3,1]},"meta":{"lastBranch":20,"lastFunction":8,"lastStatement":37,"seen":{"s:133:10:133:11":0,"s:1:36:1:Infinity":1,"s:30:4:51:Infinity":2,"f:53:9:53:20":0,"s:54:12:54:Infinity":3,"s:55:2:61:Infinity":4,"f:64:9:64:24":1,"s:65:13:65:Infinity":5,"s:66:18:66:Infinity":6,"b:67:2:67:Infinity:undefined:undefined:undefined:undefined":0,"s:67:2:67:Infinity":7,"s:67:20:67:Infinity":8,"s:68:18:68:Infinity":9,"s:69:20:69:Infinity":10,"s:70:2:70:Infinity":11,"f:73:9:73:23":2,"s:74:18:74:Infinity":12,"b:75:2:75:Infinity:undefined:undefined:undefined:undefined":1,"s:75:2:75:Infinity":13,"s:75:20:75:Infinity":14,"s:76:18:76:Infinity":15,"s:77:20:77:Infinity":16,"s:78:2:78:Infinity":17,"f:82:9:82:Infinity":3,"s:86:32:86:Infinity":18,"s:88:2:104:Infinity":19,"f:88:12:88:18":4,"b:89:4:89:Infinity:undefined:undefined:undefined:undefined":2,"s:89:4:89:Infinity":20,"b:89:8:89:19:89:19:89:30":3,"s:89:30:89:Infinity":21,"s:91:20:94:Infinity":22,"f:91:20:91:26":5,"s:92:17:92:Infinity":23,"s:93:6:93:Infinity":24,"s:98:24:98:Infinity":25,"s:99:23:99:Infinity":26,"s:100:4:103:Infinity":27,"f:100:11:100:17":6,"s:101:6:101:Infinity":28,"s:102:6:102:Infinity":29,"b:106:2:106:Infinity:undefined:undefined:undefined:undefined":4,"s:106:2:106:Infinity":30,"s:106:15:106:Infinity":31,"s:107:2:107:Infinity":32,"f:115:16:115:29":7,"s:116:17:116:Infinity":33,"s:117:19:117:Infinity":34,"b:117:19:117:47:117:47:117:Infinity":5,"s:118:18:121:Infinity":35,"b:119:31:119:48:119:48:119:Infinity":6,"s:123:2:206:Infinity":36,"b:138:12:140:Infinity:141:14:143:Infinity":7,"b:142:12:142:Infinity:143:14:143:Infinity":8,"b:154:26:154:54:154:54:154:68":9,"b:161:7:161:Infinity:162:8:177:Infinity":10,"b:172:11:172:Infinity:173:12:175:Infinity":11,"b:181:7:181:20:181:20:181:Infinity":12,"b:186:10:186:Infinity:187:12:203:Infinity":13,"b:185:9:185:37:185:37:185:Infinity":14,"b:188:10:188:Infinity:190:10:203:Infinity":15,"b:187:12:187:39:187:39:187:Infinity":16,"b:192:40:192:69:192:69:192:Infinity":17,"b:194:13:194:32:194:32:194:Infinity:195:14:198:Infinity":18,"b:200:13:200:33:200:33:200:Infinity:201:14:201:Infinity":19}}}
,"/Users/wolfgang/workspace/terminandoyo/frontend/src/components/settings/LabelsPanel.tsx": {"path":"/Users/wolfgang/workspace/terminandoyo/frontend/src/components/settings/LabelsPanel.tsx","statementMap":{"0":{"start":{"line":31,"column":10},"end":{"line":31,"column":11}},"1":{"start":{"line":1,"column":25},"end":{"line":1,"column":null}},"2":{"start":{"line":22,"column":2},"end":{"line":22,"column":null}},"3":{"start":{"line":22,"column":26},"end":{"line":22,"column":null}},"4":{"start":{"line":23,"column":2},"end":{"line":40,"column":null}},"5":{"start":{"line":26,"column":8},"end":{"line":38,"column":null}},"6":{"start":{"line":32,"column":27},"end":{"line":32,"column":null}},"7":{"start":{"line":51,"column":28},"end":{"line":51,"column":null}},"8":{"start":{"line":53,"column":20},"end":{"line":59,"column":null}},"9":{"start":{"line":54,"column":20},"end":{"line":54,"column":null}},"10":{"start":{"line":55,"column":4},"end":{"line":58,"column":null}},"11":{"start":{"line":56,"column":6},"end":{"line":56,"column":null}},"12":{"start":{"line":57,"column":6},"end":{"line":57,"column":null}},"13":{"start":{"line":61,"column":2},"end":{"line":82,"column":null}},"14":{"start":{"line":66,"column":25},"end":{"line":66,"column":null}},"15":{"start":{"line":68,"column":10},"end":{"line":71,"column":null}},"16":{"start":{"line":69,"column":12},"end":{"line":69,"column":null}},"17":{"start":{"line":70,"column":12},"end":{"line":70,"column":null}},"18":{"start":{"line":95,"column":2},"end":{"line":150,"column":null}},"19":{"start":{"line":126,"column":12},"end":{"line":131,"column":null}}},"fnMap":{"0":{"name":"ChipList","decl":{"start":{"line":15,"column":9},"end":{"line":15,"column":18}},"loc":{"start":{"line":21,"column":3},"end":{"line":42,"column":null}},"line":21},"1":{"name":"(anonymous_1)","decl":{"start":{"line":25,"column":17},"end":{"line":25,"column":18}},"loc":{"start":{"line":26,"column":8},"end":{"line":38,"column":null}},"line":26},"2":{"name":"(anonymous_2)","decl":{"start":{"line":32,"column":21},"end":{"line":32,"column":27}},"loc":{"start":{"line":32,"column":27},"end":{"line":32,"column":null}},"line":32},"3":{"name":"AddInput","decl":{"start":{"line":44,"column":9},"end":{"line":44,"column":18}},"loc":{"start":{"line":50,"column":3},"end":{"line":84,"column":null}},"line":50},"4":{"name":"(anonymous_4)","decl":{"start":{"line":53,"column":20},"end":{"line":53,"column":26}},"loc":{"start":{"line":53,"column":26},"end":{"line":59,"column":null}},"line":53},"5":{"name":"(anonymous_5)","decl":{"start":{"line":66,"column":18},"end":{"line":66,"column":19}},"loc":{"start":{"line":66,"column":25},"end":{"line":66,"column":null}},"line":66},"6":{"name":"(anonymous_6)","decl":{"start":{"line":67,"column":19},"end":{"line":67,"column":20}},"loc":{"start":{"line":67,"column":26},"end":{"line":72,"column":null}},"line":67},"7":{"name":"LabelsPanel","decl":{"start":{"line":86,"column":16},"end":{"line":86,"column":28}},"loc":{"start":{"line":94,"column":21},"end":{"line":152,"column":null}},"line":94},"8":{"name":"(anonymous_8)","decl":{"start":{"line":125,"column":52},"end":{"line":125,"column":53}},"loc":{"start":{"line":126,"column":12},"end":{"line":131,"column":null}},"line":126}},"branchMap":{"0":{"loc":{"start":{"line":22,"column":2},"end":{"line":22,"column":null}},"type":"if","locations":[{"start":{"line":22,"column":2},"end":{"line":22,"column":null}},{"start":{},"end":{}}],"line":22},"1":{"loc":{"start":{"line":55,"column":4},"end":{"line":58,"column":null}},"type":"if","locations":[{"start":{"line":55,"column":4},"end":{"line":58,"column":null}},{"start":{},"end":{}}],"line":55},"2":{"loc":{"start":{"line":68,"column":10},"end":{"line":71,"column":null}},"type":"if","locations":[{"start":{"line":68,"column":10},"end":{"line":71,"column":null}},{"start":{},"end":{}}],"line":68}},"s":{"0":3,"1":3,"2":16,"3":4,"4":12,"5":31,"6":1,"7":36,"8":36,"9":2,"10":2,"11":2,"12":2,"13":36,"14":20,"15":22,"16":2,"17":2,"18":8,"19":24},"f":{"0":16,"1":31,"2":1,"3":36,"4":2,"5":20,"6":22,"7":8,"8":24},"b":{"0":[4,12],"1":[2,0],"2":[2,20]},"meta":{"lastBranch":3,"lastFunction":9,"lastStatement":20,"seen":{"s:31:10:31:11":0,"s:1:25:1:Infinity":1,"f:15:9:15:18":0,"b:22:2:22:Infinity:undefined:undefined:undefined:undefined":0,"s:22:2:22:Infinity":2,"s:22:26:22:Infinity":3,"s:23:2:40:Infinity":4,"f:25:17:25:18":1,"s:26:8:38:Infinity":5,"f:32:21:32:27":2,"s:32:27:32:Infinity":6,"f:44:9:44:18":3,"s:51:28:51:Infinity":7,"s:53:20:59:Infinity":8,"f:53:20:53:26":4,"s:54:20:54:Infinity":9,"b:55:4:58:Infinity:undefined:undefined:undefined:undefined":1,"s:55:4:58:Infinity":10,"s:56:6:56:Infinity":11,"s:57:6:57:Infinity":12,"s:61:2:82:Infinity":13,"f:66:18:66:19":5,"s:66:25:66:Infinity":14,"f:67:19:67:20":6,"b:68:10:71:Infinity:undefined:undefined:undefined:undefined":2,"s:68:10:71:Infinity":15,"s:69:12:69:Infinity":16,"s:70:12:70:Infinity":17,"f:86:16:86:28":7,"s:95:2:150:Infinity":18,"f:125:52:125:53":8,"s:126:12:131:Infinity":19}}}
,"/Users/wolfgang/workspace/terminandoyo/frontend/src/components/settings/PreferencesPanel.tsx": {"path":"/Users/wolfgang/workspace/terminandoyo/frontend/src/components/settings/PreferencesPanel.tsx","statementMap":{"0":{"start":{"line":35,"column":8},"end":{"line":35,"column":9}},"1":{"start":{"line":19,"column":19},"end":{"line":19,"column":null}},"2":{"start":{"line":21,"column":2},"end":{"line":21,"column":null}},"3":{"start":{"line":32,"column":2},"end":{"line":50,"column":null}},"4":{"start":{"line":35,"column":8},"end":{"line":48,"column":null}},"5":{"start":{"line":39,"column":25},"end":{"line":39,"column":null}},"6":{"start":{"line":59,"column":2},"end":{"line":225,"column":null}},"7":{"start":{"line":76,"column":29},"end":{"line":76,"column":null}},"8":{"start":{"line":95,"column":29},"end":{"line":95,"column":null}},"9":{"start":{"line":109,"column":14},"end":{"line":109,"column":null}},"10":{"start":{"line":129,"column":14},"end":{"line":129,"column":null}},"11":{"start":{"line":153,"column":14},"end":{"line":153,"column":null}},"12":{"start":{"line":180,"column":29},"end":{"line":180,"column":null}},"13":{"start":{"line":194,"column":14},"end":{"line":194,"column":null}},"14":{"start":{"line":211,"column":31},"end":{"line":211,"column":null}}},"fnMap":{"0":{"name":"ToggleGroup","decl":{"start":{"line":23,"column":9},"end":{"line":23,"column":39}},"loc":{"start":{"line":31,"column":3},"end":{"line":52,"column":null}},"line":31},"1":{"name":"(anonymous_1)","decl":{"start":{"line":34,"column":19},"end":{"line":34,"column":20}},"loc":{"start":{"line":35,"column":8},"end":{"line":48,"column":null}},"line":35},"2":{"name":"(anonymous_2)","decl":{"start":{"line":39,"column":19},"end":{"line":39,"column":25}},"loc":{"start":{"line":39,"column":25},"end":{"line":39,"column":null}},"line":39},"3":{"name":"PreferencesPanel","decl":{"start":{"line":54,"column":16},"end":{"line":54,"column":33}},"loc":{"start":{"line":58,"column":26},"end":{"line":227,"column":null}},"line":58},"4":{"name":"(anonymous_4)","decl":{"start":{"line":76,"column":22},"end":{"line":76,"column":23}},"loc":{"start":{"line":76,"column":29},"end":{"line":76,"column":null}},"line":76},"5":{"name":"(anonymous_5)","decl":{"start":{"line":95,"column":22},"end":{"line":95,"column":23}},"loc":{"start":{"line":95,"column":29},"end":{"line":95,"column":null}},"line":95},"6":{"name":"(anonymous_6)","decl":{"start":{"line":108,"column":22},"end":{"line":108,"column":23}},"loc":{"start":{"line":109,"column":14},"end":{"line":109,"column":null}},"line":109},"7":{"name":"(anonymous_7)","decl":{"start":{"line":128,"column":22},"end":{"line":128,"column":23}},"loc":{"start":{"line":129,"column":14},"end":{"line":129,"column":null}},"line":129},"8":{"name":"(anonymous_8)","decl":{"start":{"line":152,"column":22},"end":{"line":152,"column":23}},"loc":{"start":{"line":153,"column":14},"end":{"line":153,"column":null}},"line":153},"9":{"name":"(anonymous_9)","decl":{"start":{"line":180,"column":22},"end":{"line":180,"column":23}},"loc":{"start":{"line":180,"column":29},"end":{"line":180,"column":null}},"line":180},"10":{"name":"(anonymous_10)","decl":{"start":{"line":193,"column":22},"end":{"line":193,"column":23}},"loc":{"start":{"line":194,"column":14},"end":{"line":194,"column":null}},"line":194},"11":{"name":"(anonymous_11)","decl":{"start":{"line":211,"column":24},"end":{"line":211,"column":25}},"loc":{"start":{"line":211,"column":31},"end":{"line":211,"column":null}},"line":211}},"branchMap":{"0":{"loc":{"start":{"line":42,"column":12},"end":{"line":44,"column":null}},"type":"cond-expr","locations":[{"start":{"line":43,"column":16},"end":{"line":43,"column":null}},{"start":{"line":44,"column":16},"end":{"line":44,"column":null}}],"line":42},"1":{"loc":{"start":{"line":201,"column":9},"end":{"line":222,"column":null}},"type":"binary-expr","locations":[{"start":{"line":201,"column":9},"end":{"line":201,"column":null}},{"start":{"line":202,"column":10},"end":{"line":222,"column":null}}],"line":201}},"s":{"0":3,"1":3,"2":3,"3":16,"4":40,"5":2,"6":8,"7":0,"8":1,"9":0,"10":0,"11":0,"12":1,"13":1,"14":0},"f":{"0":16,"1":40,"2":2,"3":8,"4":0,"5":1,"6":0,"7":0,"8":0,"9":1,"10":1,"11":0},"b":{"0":[16,24],"1":[8,1]},"meta":{"lastBranch":2,"lastFunction":12,"lastStatement":15,"seen":{"s:35:8:35:9":0,"s:19:19:19:Infinity":1,"s:21:2:21:Infinity":2,"f:23:9:23:39":0,"s:32:2:50:Infinity":3,"f:34:19:34:20":1,"s:35:8:48:Infinity":4,"f:39:19:39:25":2,"s:39:25:39:Infinity":5,"b:43:16:43:Infinity:44:16:44:Infinity":0,"f:54:16:54:33":3,"s:59:2:225:Infinity":6,"f:76:22:76:23":4,"s:76:29:76:Infinity":7,"f:95:22:95:23":5,"s:95:29:95:Infinity":8,"f:108:22:108:23":6,"s:109:14:109:Infinity":9,"f:128:22:128:23":7,"s:129:14:129:Infinity":10,"f:152:22:152:23":8,"s:153:14:153:Infinity":11,"f:180:22:180:23":9,"s:180:29:180:Infinity":12,"f:193:22:193:23":10,"s:194:14:194:Infinity":13,"b:201:9:201:Infinity:202:10:222:Infinity":1,"f:211:24:211:25":11,"s:211:31:211:Infinity":14}}}
,"/Users/wolfgang/workspace/terminandoyo/frontend/src/components/settings/SettingsScreen.tsx": {"path":"/Users/wolfgang/workspace/terminandoyo/frontend/src/components/settings/SettingsScreen.tsx","statementMap":{"0":{"start":{"line":74,"column":6},"end":{"line":74,"column":7}},"1":{"start":{"line":1,"column":25},"end":{"line":1,"column":null}},"2":{"start":{"line":20,"column":32},"end":{"line":25,"column":null}},"3":{"start":{"line":53,"column":40},"end":{"line":53,"column":null}},"4":{"start":{"line":54,"column":20},"end":{"line":54,"column":null}},"5":{"start":{"line":55,"column":26},"end":{"line":61,"column":null}},"6":{"start":{"line":56,"column":4},"end":{"line":60,"column":null}},"7":{"start":{"line":57,"column":6},"end":{"line":57,"column":null}},"8":{"start":{"line":59,"column":6},"end":{"line":59,"column":null}},"9":{"start":{"line":62,"column":34},"end":{"line":68,"column":null}},"10":{"start":{"line":69,"column":26},"end":{"line":69,"column":null}},"11":{"start":{"line":70,"column":40},"end":{"line":70,"column":null}},"12":{"start":{"line":72,"column":2},"end":{"line":121,"column":null}},"13":{"start":{"line":77,"column":26},"end":{"line":77,"column":null}},"14":{"start":{"line":96,"column":16},"end":{"line":97,"column":null}},"15":{"start":{"line":97,"column":18},"end":{"line":97,"column":null}},"16":{"start":{"line":97,"column":40},"end":{"line":97,"column":55}},"17":{"start":{"line":100,"column":16},"end":{"line":100,"column":null}},"18":{"start":{"line":100,"column":38},"end":{"line":100,"column":68}},"19":{"start":{"line":100,"column":57},"end":{"line":100,"column":67}},"20":{"start":{"line":103,"column":16},"end":{"line":103,"column":null}},"21":{"start":{"line":103,"column":42},"end":{"line":103,"column":null}},"22":{"start":{"line":103,"column":60},"end":{"line":103,"column":75}},"23":{"start":{"line":106,"column":16},"end":{"line":106,"column":null}},"24":{"start":{"line":106,"column":34},"end":{"line":106,"column":64}},"25":{"start":{"line":106,"column":53},"end":{"line":106,"column":63}},"26":{"start":{"line":114,"column":16},"end":{"line":114,"column":null}},"27":{"start":{"line":114,"column":42},"end":{"line":114,"column":65}}},"fnMap":{"0":{"name":"SettingsScreen","decl":{"start":{"line":42,"column":16},"end":{"line":42,"column":31}},"loc":{"start":{"line":52,"column":24},"end":{"line":123,"column":null}},"line":52},"1":{"name":"(anonymous_1)","decl":{"start":{"line":55,"column":26},"end":{"line":55,"column":27}},"loc":{"start":{"line":55,"column":48},"end":{"line":61,"column":null}},"line":55},"2":{"name":"(anonymous_2)","decl":{"start":{"line":77,"column":18},"end":{"line":77,"column":19}},"loc":{"start":{"line":77,"column":26},"end":{"line":77,"column":null}},"line":77},"3":{"name":"(anonymous_3)","decl":{"start":{"line":85,"column":49},"end":{"line":85,"column":55}},"loc":{"start":{"line":85,"column":55},"end":{"line":85,"column":null}},"line":85},"4":{"name":"(anonymous_4)","decl":{"start":{"line":86,"column":51},"end":{"line":86,"column":57}},"loc":{"start":{"line":86,"column":57},"end":{"line":86,"column":null}},"line":86},"5":{"name":"(anonymous_5)","decl":{"start":{"line":87,"column":37},"end":{"line":87,"column":43}},"loc":{"start":{"line":87,"column":43},"end":{"line":87,"column":null}},"line":87},"6":{"name":"(anonymous_6)","decl":{"start":{"line":95,"column":28},"end":{"line":95,"column":29}},"loc":{"start":{"line":95,"column":38},"end":{"line":98,"column":null}},"line":95},"7":{"name":"(anonymous_7)","decl":{"start":{"line":97,"column":30},"end":{"line":97,"column":31}},"loc":{"start":{"line":97,"column":40},"end":{"line":97,"column":55}},"line":97},"8":{"name":"(anonymous_8)","decl":{"start":{"line":99,"column":31},"end":{"line":99,"column":32}},"loc":{"start":{"line":100,"column":16},"end":{"line":100,"column":null}},"line":100},"9":{"name":"(anonymous_9)","decl":{"start":{"line":100,"column":28},"end":{"line":100,"column":29}},"loc":{"start":{"line":100,"column":38},"end":{"line":100,"column":68}},"line":100},"10":{"name":"(anonymous_10)","decl":{"start":{"line":100,"column":50},"end":{"line":100,"column":51}},"loc":{"start":{"line":100,"column":57},"end":{"line":100,"column":67}},"line":100},"11":{"name":"(anonymous_11)","decl":{"start":{"line":102,"column":24},"end":{"line":102,"column":25}},"loc":{"start":{"line":102,"column":34},"end":{"line":104,"column":null}},"line":102},"12":{"name":"(anonymous_12)","decl":{"start":{"line":103,"column":50},"end":{"line":103,"column":51}},"loc":{"start":{"line":103,"column":60},"end":{"line":103,"column":75}},"line":103},"13":{"name":"(anonymous_13)","decl":{"start":{"line":105,"column":27},"end":{"line":105,"column":28}},"loc":{"start":{"line":106,"column":16},"end":{"line":106,"column":null}},"line":106},"14":{"name":"(anonymous_14)","decl":{"start":{"line":106,"column":24},"end":{"line":106,"column":25}},"loc":{"start":{"line":106,"column":34},"end":{"line":106,"column":64}},"line":106},"15":{"name":"(anonymous_15)","decl":{"start":{"line":106,"column":46},"end":{"line":106,"column":47}},"loc":{"start":{"line":106,"column":53},"end":{"line":106,"column":63}},"line":106},"16":{"name":"(anonymous_16)","decl":{"start":{"line":113,"column":24},"end":{"line":113,"column":25}},"loc":{"start":{"line":114,"column":16},"end":{"line":114,"column":null}},"line":114},"17":{"name":"(anonymous_17)","decl":{"start":{"line":114,"column":31},"end":{"line":114,"column":32}},"loc":{"start":{"line":114,"column":42},"end":{"line":114,"column":65}},"line":114}},"branchMap":{"0":{"loc":{"start":{"line":45,"column":2},"end":{"line":45,"column":null}},"type":"default-arg","locations":[{"start":{"line":45,"column":15},"end":{"line":45,"column":null}}],"line":45},"1":{"loc":{"start":{"line":54,"column":20},"end":{"line":54,"column":null}},"type":"binary-expr","locations":[{"start":{"line":54,"column":20},"end":{"line":54,"column":37}},{"start":{"line":54,"column":37},"end":{"line":54,"column":null}}],"line":54},"2":{"loc":{"start":{"line":56,"column":4},"end":{"line":60,"column":null}},"type":"if","locations":[{"start":{"line":56,"column":4},"end":{"line":60,"column":null}},{"start":{"line":58,"column":11},"end":{"line":60,"column":null}}],"line":56},"3":{"loc":{"start":{"line":83,"column":11},"end":{"line":89,"column":null}},"type":"binary-expr","locations":[{"start":{"line":83,"column":11},"end":{"line":83,"column":null}},{"start":{"line":84,"column":12},"end":{"line":89,"column":null}}],"line":83},"4":{"loc":{"start":{"line":85,"column":30},"end":{"line":85,"column":null}},"type":"binary-expr","locations":[{"start":{"line":85,"column":30},"end":{"line":85,"column":49}},{"start":{"line":85,"column":49},"end":{"line":85,"column":null}}],"line":85},"5":{"loc":{"start":{"line":86,"column":31},"end":{"line":86,"column":null}},"type":"binary-expr","locations":[{"start":{"line":86,"column":31},"end":{"line":86,"column":51}},{"start":{"line":86,"column":51},"end":{"line":86,"column":null}}],"line":86},"6":{"loc":{"start":{"line":87,"column":24},"end":{"line":87,"column":null}},"type":"binary-expr","locations":[{"start":{"line":87,"column":24},"end":{"line":87,"column":37}},{"start":{"line":87,"column":37},"end":{"line":87,"column":null}}],"line":87},"7":{"loc":{"start":{"line":91,"column":11},"end":{"line":108,"column":null}},"type":"binary-expr","locations":[{"start":{"line":91,"column":11},"end":{"line":91,"column":null}},{"start":{"line":92,"column":12},"end":{"line":108,"column":null}}],"line":91},"8":{"loc":{"start":{"line":96,"column":16},"end":{"line":97,"column":null}},"type":"if","locations":[{"start":{"line":96,"column":16},"end":{"line":97,"column":null}},{"start":{},"end":{}}],"line":96},"9":{"loc":{"start":{"line":103,"column":16},"end":{"line":103,"column":null}},"type":"if","locations":[{"start":{"line":103,"column":16},"end":{"line":103,"column":null}},{"start":{},"end":{}}],"line":103},"10":{"loc":{"start":{"line":110,"column":11},"end":{"line":116,"column":null}},"type":"binary-expr","locations":[{"start":{"line":110,"column":11},"end":{"line":110,"column":null}},{"start":{"line":111,"column":12},"end":{"line":116,"column":null}}],"line":110},"11":{"loc":{"start":{"line":118,"column":11},"end":{"line":118,"column":null}},"type":"binary-expr","locations":[{"start":{"line":118,"column":11},"end":{"line":118,"column":40}},{"start":{"line":118,"column":40},"end":{"line":118,"column":null}}],"line":118}},"s":{"0":2,"1":2,"2":2,"3":10,"4":10,"5":10,"6":3,"7":0,"8":3,"9":10,"10":10,"11":10,"12":10,"13":3,"14":0,"15":0,"16":0,"17":0,"18":0,"19":0,"20":0,"21":0,"22":0,"23":0,"24":0,"25":0,"26":0,"27":0},"f":{"0":10,"1":3,"2":3,"3":0,"4":0,"5":0,"6":0,"7":0,"8":0,"9":0,"10":0,"11":0,"12":0,"13":0,"14":0,"15":0,"16":0,"17":0},"b":{"0":[10],"1":[10,10],"2":[0,3],"3":[10,5],"4":[5,0],"5":[5,0],"6":[5,0],"7":[10,2],"8":[0,0],"9":[0,0],"10":[10,2],"11":[10,1]},"meta":{"lastBranch":12,"lastFunction":18,"lastStatement":28,"seen":{"s:74:6:74:7":0,"s:1:25:1:Infinity":1,"s:20:32:25:Infinity":2,"f:42:16:42:31":0,"b:45:15:45:Infinity":0,"s:53:40:53:Infinity":3,"s:54:20:54:Infinity":4,"b:54:20:54:37:54:37:54:Infinity":1,"s:55:26:61:Infinity":5,"f:55:26:55:27":1,"b:56:4:60:Infinity:58:11:60:Infinity":2,"s:56:4:60:Infinity":6,"s:57:6:57:Infinity":7,"s:59:6:59:Infinity":8,"s:62:34:68:Infinity":9,"s:69:26:69:Infinity":10,"s:70:40:70:Infinity":11,"s:72:2:121:Infinity":12,"f:77:18:77:19":2,"s:77:26:77:Infinity":13,"b:83:11:83:Infinity:84:12:89:Infinity":3,"b:85:30:85:49:85:49:85:Infinity":4,"f:85:49:85:55":3,"b:86:31:86:51:86:51:86:Infinity":5,"f:86:51:86:57":4,"b:87:24:87:37:87:37:87:Infinity":6,"f:87:37:87:43":5,"b:91:11:91:Infinity:92:12:108:Infinity":7,"f:95:28:95:29":6,"b:96:16:97:Infinity:undefined:undefined:undefined:undefined":8,"s:96:16:97:Infinity":14,"s:97:18:97:Infinity":15,"f:97:30:97:31":7,"s:97:40:97:55":16,"f:99:31:99:32":8,"s:100:16:100:Infinity":17,"f:100:28:100:29":9,"s:100:38:100:68":18,"f:100:50:100:51":10,"s:100:57:100:67":19,"f:102:24:102:25":11,"b:103:16:103:Infinity:undefined:undefined:undefined:undefined":9,"s:103:16:103:Infinity":20,"s:103:42:103:Infinity":21,"f:103:50:103:51":12,"s:103:60:103:75":22,"f:105:27:105:28":13,"s:106:16:106:Infinity":23,"f:106:24:106:25":14,"s:106:34:106:64":24,"f:106:46:106:47":15,"s:106:53:106:63":25,"b:110:11:110:Infinity:111:12:116:Infinity":10,"f:113:24:113:25":16,"s:114:16:114:Infinity":26,"f:114:31:114:32":17,"s:114:42:114:65":27,"b:118:11:118:40:118:40:118:Infinity":11}}}
,"/Users/wolfgang/workspace/terminandoyo/frontend/src/components/shell/AppHeader.tsx": {"path":"/Users/wolfgang/workspace/terminandoyo/frontend/src/components/shell/AppHeader.tsx","statementMap":{"0":{"start":{"line":60,"column":8},"end":{"line":60,"column":9}},"1":{"start":{"line":1,"column":24},"end":{"line":1,"column":null}},"2":{"start":{"line":23,"column":41},"end":{"line":55,"column":null}},"3":{"start":{"line":24,"column":10},"end":{"line":53,"column":null}},"4":{"start":{"line":32,"column":27},"end":{"line":32,"column":null}},"5":{"start":{"line":39,"column":27},"end":{"line":39,"column":null}},"6":{"start":{"line":57,"column":2},"end":{"line":69,"column":null}}},"fnMap":{"0":{"name":"AppHeader","decl":{"start":{"line":16,"column":16},"end":{"line":16,"column":26}},"loc":{"start":{"line":22,"column":19},"end":{"line":71,"column":null}},"line":22},"1":{"name":"(anonymous_1)","decl":{"start":{"line":24,"column":4},"end":{"line":24,"column":10}},"loc":{"start":{"line":24,"column":10},"end":{"line":53,"column":null}},"line":24},"2":{"name":"(anonymous_2)","decl":{"start":{"line":32,"column":21},"end":{"line":32,"column":27}},"loc":{"start":{"line":32,"column":27},"end":{"line":32,"column":null}},"line":32},"3":{"name":"(anonymous_3)","decl":{"start":{"line":39,"column":21},"end":{"line":39,"column":27}},"loc":{"start":{"line":39,"column":27},"end":{"line":39,"column":null}},"line":39}},"branchMap":{},"s":{"0":2,"1":2,"2":9,"3":9,"4":1,"5":2,"6":9},"f":{"0":9,"1":9,"2":1,"3":2},"b":{},"meta":{"lastBranch":0,"lastFunction":4,"lastStatement":7,"seen":{"s:60:8:60:9":0,"s:1:24:1:Infinity":1,"f:16:16:16:26":0,"s:23:41:55:Infinity":2,"f:24:4:24:10":1,"s:24:10:53:Infinity":3,"f:32:21:32:27":2,"s:32:27:32:Infinity":4,"f:39:21:39:27":3,"s:39:27:39:Infinity":5,"s:57:2:69:Infinity":6}}}
,"/Users/wolfgang/workspace/terminandoyo/frontend/src/components/shell/AppMenu.tsx": {"path":"/Users/wolfgang/workspace/terminandoyo/frontend/src/components/shell/AppMenu.tsx","statementMap":{"0":{"start":{"line":111,"column":8},"end":{"line":111,"column":9}},"1":{"start":{"line":1,"column":57},"end":{"line":1,"column":null}},"2":{"start":{"line":24,"column":30},"end":{"line":24,"column":null}},"3":{"start":{"line":25,"column":21},"end":{"line":25,"column":null}},"4":{"start":{"line":26,"column":18},"end":{"line":26,"column":null}},"5":{"start":{"line":28,"column":16},"end":{"line":31,"column":null}},"6":{"start":{"line":29,"column":4},"end":{"line":29,"column":null}},"7":{"start":{"line":30,"column":4},"end":{"line":30,"column":null}},"8":{"start":{"line":34,"column":2},"end":{"line":48,"column":null}},"9":{"start":{"line":35,"column":4},"end":{"line":35,"column":null}},"10":{"start":{"line":35,"column":17},"end":{"line":35,"column":null}},"11":{"start":{"line":37,"column":6},"end":{"line":44,"column":null}},"12":{"start":{"line":43,"column":8},"end":{"line":43,"column":null}},"13":{"start":{"line":46,"column":4},"end":{"line":46,"column":null}},"14":{"start":{"line":47,"column":4},"end":{"line":47,"column":null}},"15":{"start":{"line":47,"column":17},"end":{"line":47,"column":null}},"16":{"start":{"line":51,"column":2},"end":{"line":60,"column":null}},"17":{"start":{"line":52,"column":4},"end":{"line":52,"column":null}},"18":{"start":{"line":52,"column":17},"end":{"line":52,"column":null}},"19":{"start":{"line":54,"column":6},"end":{"line":56,"column":null}},"20":{"start":{"line":55,"column":8},"end":{"line":55,"column":null}},"21":{"start":{"line":58,"column":4},"end":{"line":58,"column":null}},"22":{"start":{"line":59,"column":4},"end":{"line":59,"column":null}},"23":{"start":{"line":59,"column":17},"end":{"line":59,"column":null}},"24":{"start":{"line":63,"column":2},"end":{"line":69,"column":null}},"25":{"start":{"line":64,"column":4},"end":{"line":68,"column":null}},"26":{"start":{"line":66,"column":8},"end":{"line":66,"column":null}},"27":{"start":{"line":67,"column":6},"end":{"line":67,"column":null}},"28":{"start":{"line":71,"column":26},"end":{"line":74,"column":null}},"29":{"start":{"line":72,"column":4},"end":{"line":72,"column":null}},"30":{"start":{"line":73,"column":4},"end":{"line":73,"column":null}},"31":{"start":{"line":77,"column":24},"end":{"line":94,"column":null}},"32":{"start":{"line":78,"column":4},"end":{"line":78,"column":null}},"33":{"start":{"line":78,"column":26},"end":{"line":78,"column":null}},"34":{"start":{"line":79,"column":18},"end":{"line":81,"column":null}},"35":{"start":{"line":82,"column":20},"end":{"line":82,"column":null}},"36":{"start":{"line":83,"column":16},"end":{"line":83,"column":null}},"37":{"start":{"line":85,"column":4},"end":{"line":93,"column":null}},"38":{"start":{"line":86,"column":6},"end":{"line":86,"column":null}},"39":{"start":{"line":87,"column":19},"end":{"line":87,"column":null}},"40":{"start":{"line":88,"column":6},"end":{"line":88,"column":null}},"41":{"start":{"line":89,"column":4},"end":{"line":93,"column":null}},"42":{"start":{"line":90,"column":6},"end":{"line":90,"column":null}},"43":{"start":{"line":91,"column":19},"end":{"line":91,"column":null}},"44":{"start":{"line":92,"column":6},"end":{"line":92,"column":null}},"45":{"start":{"line":96,"column":2},"end":{"line":152,"column":null}},"46":{"start":{"line":103,"column":23},"end":{"line":103,"column":null}},"47":{"start":{"line":103,"column":43},"end":{"line":103,"column":48}},"48":{"start":{"line":123,"column":12},"end":{"line":148,"column":null}},"49":{"start":{"line":131,"column":16},"end":{"line":146,"column":null}},"50":{"start":{"line":135,"column":33},"end":{"line":135,"column":null}}},"fnMap":{"0":{"name":"AppMenu","decl":{"start":{"line":23,"column":16},"end":{"line":23,"column":24}},"loc":{"start":{"line":23,"column":63},"end":{"line":154,"column":null}},"line":23},"1":{"name":"(anonymous_1)","decl":{"start":{"line":28,"column":28},"end":{"line":28,"column":34}},"loc":{"start":{"line":28,"column":34},"end":{"line":31,"column":5}},"line":28},"2":{"name":"(anonymous_2)","decl":{"start":{"line":34,"column":12},"end":{"line":34,"column":18}},"loc":{"start":{"line":34,"column":18},"end":{"line":48,"column":5}},"line":34},"3":{"name":"handleMouseDown","decl":{"start":{"line":36,"column":13},"end":{"line":36,"column":29}},"loc":{"start":{"line":36,"column":44},"end":{"line":45,"column":null}},"line":36},"4":{"name":"(anonymous_4)","decl":{"start":{"line":47,"column":11},"end":{"line":47,"column":17}},"loc":{"start":{"line":47,"column":17},"end":{"line":47,"column":null}},"line":47},"5":{"name":"(anonymous_5)","decl":{"start":{"line":51,"column":12},"end":{"line":51,"column":18}},"loc":{"start":{"line":51,"column":18},"end":{"line":60,"column":5}},"line":51},"6":{"name":"handleKeyDown2","decl":{"start":{"line":53,"column":13},"end":{"line":53,"column":27}},"loc":{"start":{"line":53,"column":45},"end":{"line":57,"column":null}},"line":53},"7":{"name":"(anonymous_7)","decl":{"start":{"line":59,"column":11},"end":{"line":59,"column":17}},"loc":{"start":{"line":59,"column":17},"end":{"line":59,"column":null}},"line":59},"8":{"name":"(anonymous_8)","decl":{"start":{"line":63,"column":12},"end":{"line":63,"column":18}},"loc":{"start":{"line":63,"column":18},"end":{"line":69,"column":5}},"line":63},"9":{"name":"(anonymous_9)","decl":{"start":{"line":71,"column":38},"end":{"line":71,"column":39}},"loc":{"start":{"line":71,"column":61},"end":{"line":74,"column":5}},"line":71},"10":{"name":"(anonymous_10)","decl":{"start":{"line":77,"column":36},"end":{"line":77,"column":37}},"loc":{"start":{"line":77,"column":64},"end":{"line":94,"column":5}},"line":77},"11":{"name":"(anonymous_11)","decl":{"start":{"line":103,"column":17},"end":{"line":103,"column":23}},"loc":{"start":{"line":103,"column":23},"end":{"line":103,"column":null}},"line":103},"12":{"name":"(anonymous_12)","decl":{"start":{"line":103,"column":33},"end":{"line":103,"column":34}},"loc":{"start":{"line":103,"column":43},"end":{"line":103,"column":48}},"line":103},"13":{"name":"(anonymous_13)","decl":{"start":{"line":122,"column":24},"end":{"line":122,"column":25}},"loc":{"start":{"line":123,"column":12},"end":{"line":148,"column":null}},"line":123},"14":{"name":"(anonymous_14)","decl":{"start":{"line":130,"column":33},"end":{"line":130,"column":34}},"loc":{"start":{"line":131,"column":16},"end":{"line":146,"column":null}},"line":131},"15":{"name":"(anonymous_15)","decl":{"start":{"line":135,"column":27},"end":{"line":135,"column":33}},"loc":{"start":{"line":135,"column":33},"end":{"line":135,"column":null}},"line":135}},"branchMap":{"0":{"loc":{"start":{"line":35,"column":4},"end":{"line":35,"column":null}},"type":"if","locations":[{"start":{"line":35,"column":4},"end":{"line":35,"column":null}},{"start":{},"end":{}}],"line":35},"1":{"loc":{"start":{"line":37,"column":6},"end":{"line":44,"column":null}},"type":"if","locations":[{"start":{"line":37,"column":6},"end":{"line":44,"column":null}},{"start":{},"end":{}}],"line":37},"2":{"loc":{"start":{"line":38,"column":8},"end":{"line":41,"column":null}},"type":"binary-expr","locations":[{"start":{"line":38,"column":8},"end":{"line":38,"column":null}},{"start":{"line":39,"column":8},"end":{"line":39,"column":null}},{"start":{"line":40,"column":8},"end":{"line":40,"column":null}},{"start":{"line":41,"column":8},"end":{"line":41,"column":null}}],"line":38},"3":{"loc":{"start":{"line":52,"column":4},"end":{"line":52,"column":null}},"type":"if","locations":[{"start":{"line":52,"column":4},"end":{"line":52,"column":null}},{"start":{},"end":{}}],"line":52},"4":{"loc":{"start":{"line":54,"column":6},"end":{"line":56,"column":null}},"type":"if","locations":[{"start":{"line":54,"column":6},"end":{"line":56,"column":null}},{"start":{},"end":{}}],"line":54},"5":{"loc":{"start":{"line":64,"column":4},"end":{"line":68,"column":null}},"type":"if","locations":[{"start":{"line":64,"column":4},"end":{"line":68,"column":null}},{"start":{},"end":{}}],"line":64},"6":{"loc":{"start":{"line":64,"column":8},"end":{"line":64,"column":35}},"type":"binary-expr","locations":[{"start":{"line":64,"column":8},"end":{"line":64,"column":18}},{"start":{"line":64,"column":18},"end":{"line":64,"column":35}}],"line":64},"7":{"loc":{"start":{"line":78,"column":4},"end":{"line":78,"column":null}},"type":"if","locations":[{"start":{"line":78,"column":4},"end":{"line":78,"column":null}},{"start":{},"end":{}}],"line":78},"8":{"loc":{"start":{"line":85,"column":4},"end":{"line":93,"column":null}},"type":"if","locations":[{"start":{"line":85,"column":4},"end":{"line":93,"column":null}},{"start":{"line":89,"column":4},"end":{"line":93,"column":null}}],"line":85},"9":{"loc":{"start":{"line":87,"column":19},"end":{"line":87,"column":null}},"type":"cond-expr","locations":[{"start":{"line":87,"column":44},"end":{"line":87,"column":54}},{"start":{"line":87,"column":54},"end":{"line":87,"column":null}}],"line":87},"10":{"loc":{"start":{"line":89,"colu
[...]
olumn":16},"end":{"line":211,"column":null}},"loc":{"start":{"line":216,"column":8},"end":{"line":218,"column":null}},"line":216},"14":{"name":"procedurePort","decl":{"start":{"line":220,"column":16},"end":{"line":220,"column":null}},"loc":{"start":{"line":222,"column":8},"end":{"line":231,"column":null}},"line":222},"15":{"name":"(anonymous_15)","decl":{"start":{"line":225,"column":21},"end":{"line":225,"column":22}},"loc":{"start":{"line":225,"column":32},"end":{"line":229,"column":6}},"line":225},"16":{"name":"resetFactoryCounter","decl":{"start":{"line":234,"column":16},"end":{"line":234,"column":44}},"loc":{"start":{"line":234,"column":44},"end":{"line":236,"column":null}},"line":234}},"branchMap":{"0":{"loc":{"start":{"line":51,"column":2},"end":{"line":53,"column":null}},"type":"if","locations":[{"start":{"line":51,"column":2},"end":{"line":53,"column":null}},{"start":{},"end":{}}],"line":51},"1":{"loc":{"start":{"line":51,"column":6},"end":{"line":51,"column":48}},"type":"binary-expr","locations":[{"start":{"line":51,"column":6},"end":{"line":51,"column":25}},{"start":{"line":51,"column":25},"end":{"line":51,"column":48}}],"line":51},"2":{"loc":{"start":{"line":54,"column":30},"end":{"line":54,"column":null}},"type":"binary-expr","locations":[{"start":{"line":54,"column":30},"end":{"line":54,"column":50}},{"start":{"line":54,"column":50},"end":{"line":54,"column":null}}],"line":54},"3":{"loc":{"start":{"line":55,"column":21},"end":{"line":55,"column":null}},"type":"cond-expr","locations":[{"start":{"line":55,"column":42},"end":{"line":55,"column":52}},{"start":{"line":55,"column":52},"end":{"line":55,"column":null}}],"line":55},"4":{"loc":{"start":{"line":56,"column":13},"end":{"line":56,"column":null}},"type":"binary-expr","locations":[{"start":{"line":56,"column":13},"end":{"line":56,"column":29}},{"start":{"line":56,"column":29},"end":{"line":56,"column":null}}],"line":56},"5":{"loc":{"start":{"line":63,"column":10},"end":{"line":63,"column":null}},"type":"binary-expr","locations":[{"start":{"line":63,"column":10},"end":{"line":63,"column":28}},{"start":{"line":63,"column":28},"end":{"line":63,"column":null}}],"line":63},"6":{"loc":{"start":{"line":64,"column":16},"end":{"line":64,"column":null}},"type":"binary-expr","locations":[{"start":{"line":64,"column":16},"end":{"line":64,"column":40}},{"start":{"line":64,"column":40},"end":{"line":64,"column":null}}],"line":64},"7":{"loc":{"start":{"line":65,"column":14},"end":{"line":65,"column":null}},"type":"binary-expr","locations":[{"start":{"line":65,"column":14},"end":{"line":65,"column":36}},{"start":{"line":65,"column":36},"end":{"line":65,"column":null}}],"line":65},"8":{"loc":{"start":{"line":66,"column":19},"end":{"line":66,"column":null}},"type":"binary-expr","locations":[{"start":{"line":66,"column":19},"end":{"line":66,"column":46}},{"start":{"line":66,"column":46},"end":{"line":66,"column":null}}],"line":66},"9":{"loc":{"start":{"line":67,"column":16},"end":{"line":67,"column":null}},"type":"binary-expr","locations":[{"start":{"line":67,"column":16},"end":{"line":67,"column":40}},{"start":{"line":67,"column":40},"end":{"line":67,"column":null}}],"line":67},"10":{"loc":{"start":{"line":68,"column":11},"end":{"line":68,"column":null}},"type":"binary-expr","locations":[{"start":{"line":68,"column":11},"end":{"line":68,"column":30}},{"start":{"line":68,"column":30},"end":{"line":68,"column":null}}],"line":68},"11":{"loc":{"start":{"line":69,"column":21},"end":{"line":69,"column":null}},"type":"binary-expr","locations":[{"start":{"line":69,"column":21},"end":{"line":69,"column":50}},{"start":{"line":69,"column":50},"end":{"line":69,"column":null}}],"line":69},"12":{"loc":{"start":{"line":70,"column":16},"end":{"line":70,"column":null}},"type":"binary-expr","locations":[{"start":{"line":70,"column":16},"end":{"line":70,"column":41}},{"start":{"line":70,"column":41},"end":{"line":70,"column":null}}],"line":70},"13":{"loc":{"start":{"line":70,"column":41},"end":{"line":70,"column":null}},"type":"cond-expr","locations":[{"start":{"line":70,"column":62},"end":{"line":70,"column":70}},{"start":{"line":70,"column":70},"end":{"line":70,"column":null}}],"line":70},"14":{"loc":{"start":{"line":71,"column":15},"end":{"line":71,"column":null}},"type":"binary-expr","locations":[{"start":{"line":71,"column":15},"end":{"line":71,"column":38}},{"start":{"line":71,"column":38},"end":{"line":71,"column":null}}],"line":71},"15":{"loc":{"start":{"line":73,"column":6},"end":{"line":74,"column":null}},"type":"binary-expr","locations":[{"start":{"line":73,"column":6},"end":{"line":73,"column":null}},{"start":{"line":74,"column":7},"end":{"line":74,"column":null}}],"line":73},"16":{"loc":{"start":{"line":74,"column":7},"end":{"line":74,"column":null}},"type":"cond-expr","locations":[{"start":{"line":74,"column":29},"end":{"line":74,"column":53}},{"start":{"line":74,"column":53},"end":{"line":74,"column":null}}],"line":74},"17":{"loc":{"start":{"line":94,"column":16},"end":{"line":94,"column":null}},"type":"binary-expr","locations":[{"start":{"line":94,"column":16},"end":{"line":94,"column":40}},{"start":{"line":94,"column":40},"end":{"line":94,"column":null}}],"line":94},"18":{"loc":{"start":{"line":95,"column":21},"end":{"line":95,"column":null}},"type":"binary-expr","locations":[{"start":{"line":95,"column":21},"end":{"line":95,"column":50}},{"start":{"line":95,"column":50},"end":{"line":95,"column":null}}],"line":95},"19":{"loc":{"start":{"line":96,"column":16},"end":{"line":96,"column":null}},"type":"binary-expr","locations":[{"start":{"line":96,"column":16},"end":{"line":96,"column":40}},{"start":{"line":96,"column":40},"end":{"line":96,"column":null}}],"line":96},"20":{"loc":{"start":{"line":107,"column":12},"end":{"line":107,"column":null}},"type":"binary-expr","locations":[{"start":{"line":107,"column":12},"end":{"line":107,"column":32}},{"start":{"line":107,"column":32},"end":{"line":107,"column":null}}],"line":107},"21":{"loc":{"start":{"line":108,"column":21},"end":{"line":108,"column":null}},"type":"binary-expr","locations":[{"start":{"line":108,"column":21},"end":{"line":108,"column":50}},{"start":{"line":108,"column":50},"end":{"line":108,"column":null}}],"line":108},"22":{"loc":{"start":{"line":109,"column":16},"end":{"line":109,"column":null}},"type":"binary-expr","locations":[{"start":{"line":109,"column":16},"end":{"line":109,"column":40}},{"start":{"line":109,"column":40},"end":{"line":109,"column":null}}],"line":109},"23":{"loc":{"start":{"line":120,"column":13},"end":{"line":120,"column":null}},"type":"binary-expr","locations":[{"start":{"line":120,"column":13},"end":{"line":120,"column":29}},{"start":{"line":120,"column":29},"end":{"line":120,"column":null}}],"line":120},"24":{"loc":{"start":{"line":126,"column":12},"end":{"line":126,"column":null}},"type":"binary-expr","locations":[{"start":{"line":126,"column":12},"end":{"line":126,"column":32}},{"start":{"line":126,"column":32},"end":{"line":126,"column":null}}],"line":126},"25":{"loc":{"start":{"line":128,"column":10},"end":{"line":128,"column":null}},"type":"binary-expr","locations":[{"start":{"line":128,"column":10},"end":{"line":128,"column":28}},{"start":{"line":128,"column":28},"end":{"line":128,"column":null}}],"line":128},"26":{"loc":{"start":{"line":129,"column":16},"end":{"line":129,"column":null}},"type":"binary-expr","locations":[{"start":{"line":129,"column":16},"end":{"line":129,"column":40}},{"start":{"line":129,"column":40},"end":{"line":129,"column":null}}],"line":129},"27":{"loc":{"start":{"line":130,"column":19},"end":{"line":130,"column":null}},"type":"binary-expr","locations":[{"start":{"line":130,"column":19},"end":{"line":130,"column":46}},{"start":{"line":130,"column":46},"end":{"line":130,"column":null}}],"line":130},"28":{"loc":{"start":{"line":131,"column":16},"end":{"line":131,"column":null}},"type":"binary-expr","locations":[{"start":{"line":131,"column":16},"end":{"line":131,"column":40}},{"start":{"line":131,"column":40},"end":{"line":131,"column":null}}],"line":131},"29":{"loc":{"start":{"line":132,"column":11},"end":{"line":132,"column":null}},"type":"binary-expr","locations":[{"start":{"line":132,"column":11},"end":{"line":132,"column":30}},{"start":{"line":132,"column":30},"end":{"line":132,"column":null}}],"line":132},"30":{"loc":{"start":{"line":133,"column":21},"end":{"line":133,"column":null}},"type":"binary-expr","locations":[{"start":{"line":133,"column":21},"end":{"line":133,"column":50}},{"start":{"line":133,"column":50},"end":{"line":133,"column":null}}],"line":133},"31":{"loc":{"start":{"line":134,"column":16},"end":{"line":134,"column":null}},"type":"binary-expr","locations":[{"start":{"line":134,"column":16},"end":{"line":134,"column":40}},{"start":{"line":134,"column":40},"end":{"line":134,"column":null}}],"line":134},"32":{"loc":{"start":{"line":135,"column":15},"end":{"line":135,"column":null}},"type":"binary-expr","locations":[{"start":{"line":135,"column":15},"end":{"line":135,"column":38}},{"start":{"line":135,"column":38},"end":{"line":135,"column":null}}],"line":135},"33":{"loc":{"start":{"line":148,"column":13},"end":{"line":148,"column":null}},"type":"binary-expr","locations":[{"start":{"line":148,"column":13},"end":{"line":148,"column":29}},{"start":{"line":148,"column":29},"end":{"line":148,"column":null}}],"line":148},"34":{"loc":{"start":{"line":154,"column":10},"end":{"line":154,"column":null}},"type":"binary-expr","locations":[{"start":{"line":154,"column":10},"end":{"line":154,"column":28}},{"start":{"line":154,"column":28},"end":{"line":154,"column":null}}],"line":154},"35":{"loc":{"start":{"line":155,"column":16},"end":{"line":155,"column":null}},"type":"binary-expr","locations":[{"start":{"line":155,"column":16},"end":{"line":155,"column":40}},{"start":{"line":155,"column":40},"end":{"line":155,"column":null}}],"line":155},"36":{"loc":{"start":{"line":156,"column":19},"end":{"line":156,"column":null}},"type":"binary-expr","locations":[{"start":{"line":156,"column":19},"end":{"line":156,"column":46}},{"start":{"line":156,"column":46},"end":{"line":156,"column":null}}],"line":156},"37":{"loc":{"start":{"line":157,"column":16},"end":{"line":157,"column":null}},"type":"binary-expr","locations":[{"start":{"line":157,"column":16},"end":{"line":157,"column":40}},{"start":{"line":157,"column":40},"end":{"line":157,"column":null}}],"line":157},"38":{"loc":{"start":{"line":158,"column":11},"end":{"line":158,"column":null}},"type":"binary-expr","locations":[{"start":{"line":158,"column":11},"end":{"line":158,"column":30}},{"start":{"line":158,"column":30},"end":{"line":158,"column":null}}],"line":158},"39":{"loc":{"start":{"line":159,"column":21},"end":{"line":159,"column":null}},"type":"binary-expr","locations":[{"start":{"line":159,"column":21},"end":{"line":159,"column":50}},{"start":{"line":159,"column":50},"end":{"line":159,"column":null}}],"line":159},"40":{"loc":{"start":{"line":160,"column":16},"end":{"line":160,"column":null}},"type":"binary-expr","locations":[{"start":{"line":160,"column":16},"end":{"line":160,"column":40}},{"start":{"line":160,"column":40},"end":{"line":160,"column":null}}],"line":160},"41":{"loc":{"start":{"line":163,"column":12},"end":{"line":163,"column":null}},"type":"binary-expr","locations":[{"start":{"line":163,"column":12},"end":{"line":163,"column":32}},{"start":{"line":163,"column":32},"end":{"line":163,"column":null}}],"line":163},"42":{"loc":{"start":{"line":174,"column":13},"end":{"line":174,"column":null}},"type":"binary-expr","locations":[{"start":{"line":174,"column":13},"end":{"line":174,"column":29}},{"start":{"line":174,"column":29},"end":{"line":174,"column":null}}],"line":174},"43":{"loc":{"start":{"line":195,"column":15},"end":{"line":195,"column":null}},"type":"binary-expr","locations":[{"start":{"line":195,"column":15},"end":{"line":195,"column":38}},{"start":{"line":195,"column":38},"end":{"line":195,"column":null}}],"line":195},"44":{"loc":{"start":{"line":228,"column":17},"end":{"line":228,"column":null}},"type":"binary-expr","locations":[{"start":{"line":228,"column":17},"end":{"line":228,"column":32}},{"start":{"line":228,"column":32},"end":{"line":228,"column":null}}],"line":228}},"s":{"0":9,"1":126,"2":126,"3":120,"4":120,"5":120,"6":123,"7":93,"8":0,"9":93,"10":93,"11":93,"12":93,"13":0,"14":0,"15":13,"16":13,"17":21,"18":21,"19":0,"20":0,"21":0,"22":0,"23":0,"24":0,"25":0,"26":0,"27":8},"f":{"0":126,"1":120,"2":120,"3":123,"4":93,"5":0,"6":0,"7":13,"8":21,"9":0,"10":0,"11":0,"12":0,"13":0,"14":0,"15":0,"16":8},"b":{"0":[0,93],"1":[93,92],"2":[93,2],"3":[28,65],"4":[93,93],"5":[93,93],"6":[93,93],"7":[93,90],"8":[93,90],"9":[93,93],"10":[93,93],"11":[93,93],"12":[93,93],"13":[28,65],"14":[93,87],"15":[93,93],"16":[10,83],"17":[0,0],"18":[0,0],"19":[0,0],"20":[0,0],"21":[0,0],"22":[0,0],"23":[13,13],"24":[13,8],"25":[13,13],"26":[13,13],"27":[13,13],"28":[13,13],"29":[13,13],"30":[13,13],"31":[13,13],"32":[13,13],"33":[21,21],"34":[21,21],"35":[21,21],"36":[21,21],"37":[21,15],"38":[21,21],"39":[21,21],"40":[21,21],"41":[21,8],"42":[0,0],"43":[0,0],"44":[0,0]},"meta":{"lastBranch":45,"lastFunction":17,"lastStatement":28,"seen":{"s:15:14:15:Infinity":0,"f:17:9:17:26":0,"s:18:2:18:Infinity":1,"s:19:2:19:Infinity":2,"f:22:9:22:26":1,"s:23:2:23:Infinity":3,"f:26:9:26:41":2,"s:27:14:27:Infinity":4,"s:28:2:32:Infinity":5,"f:35:9:35:40":3,"s:36:2:36:Infinity":6,"f:50:16:50:28":4,"b:51:2:53:Infinity:undefined:undefined:undefined:undefined":0,"s:51:2:53:Infinity":7,"b:51:6:51:25:51:25:51:48":1,"s:52:4:52:Infinity":8,"s:54:30:54:Infinity":9,"b:54:30:54:50:54:50:54:Infinity":2,"s:55:21:55:Infinity":10,"b:55:42:55:52:55:52:55:Infinity":3,"s:56:13:56:Infinity":11,"b:56:13:56:29:56:29:56:Infinity":4,"s:57:2:83:Infinity":12,"b:63:10:63:28:63:28:63:Infinity":5,"b:64:16:64:40:64:40:64:Infinity":6,"b:65:14:65:36:65:36:65:Infinity":7,"b:66:19:66:46:66:46:66:Infinity":8,"b:67:16:67:40:67:40:67:Infinity":9,"b:68:11:68:30:68:30:68:Infinity":10,"b:69:21:69:50:69:50:69:Infinity":11,"b:70:16:70:41:70:41:70:Infinity":12,"b:70:62:70:70:70:70:70:Infinity":13,"b:71:15:71:38:71:38:71:Infinity":14,"b:73:6:73:Infinity:74:7:74:Infinity":15,"b:74:29:74:53:74:53:74:Infinity":16,"f:90:16:90:32":5,"s:91:2:97:Infinity":13,"b:94:16:94:40:94:40:94:Infinity":17,"b:95:21:95:50:95:50:95:Infinity":18,"b:96:16:96:40:96:40:96:Infinity":19,"f:104:16:104:29":6,"s:105:2:110:Infinity":14,"b:107:12:107:32:107:32:107:Infinity":20,"b:108:21:108:50:108:50:108:Infinity":21,"b:109:16:109:40:109:40:109:Infinity":22,"f:117:16:117:Infinity":7,"s:120:13:120:Infinity":15,"b:120:13:120:29:120:29:120:Infinity":23,"s:121:2:138:Infinity":16,"b:126:12:126:32:126:32:126:Infinity":24,"b:128:10:128:28:128:28:128:Infinity":25,"b:129:16:129:40:129:40:129:Infinity":26,"b:130:19:130:46:130:46:130:Infinity":27,"b:131:16:131:40:131:40:131:Infinity":28,"b:132:11:132:30:132:30:132:Infinity":29,"b:133:21:133:50:133:50:133:Infinity":30,"b:134:16:134:40:134:40:134:Infinity":31,"b:135:15:135:38:135:38:135:Infinity":32,"f:145:16:145:Infinity":8,"s:148:13:148:Infinity":17,"b:148:13:148:29:148:29:148:Infinity":33,"s:149:2:164:Infinity":18,"b:154:10:154:28:154:28:154:Infinity":34,"b:155:16:155:40:155:40:155:Infinity":35,"b:156:19:156:46:156:46:156:Infinity":36,"b:157:16:157:40:157:40:157:Infinity":37,"b:158:11:158:30:158:30:158:Infinity":38,"b:159:21:159:50:159:50:159:Infinity":39,"b:160:16:160:40:160:40:160:Infinity":40,"b:163:12:163:32:163:32:163:Infinity":41,"f:171:16:171:Infinity":9,"s:174:13:174:Infinity":19,"b:174:13:174:29:174:29:174:Infinity":42,"s:175:2:180:Infinity":20,"f:187:16:187:Infinity":10,"s:191:2:196:Infinity":21,"b:195:15:195:38:195:38:195:Infinity":43,"f:203:16:203:31":11,"s:204:2:204:Infinity":22,"f:207:16:207:30":12,"s:208:2:208:Infinity":23,"f:211:16:211:Infinity":13,"s:217:2:217:Infinity":24,"f:220:16:220:Infinity":14,"s:223:2:230:Infinity":25,"f:225:21:225:22":15,"s:225:32:229:6":26,"b:228:17:228:32:228:32:228:Infinity":44,"f:234:16:234:44":16,"s:235:2:235:Infinity":27}}}
,"/Users/wolfgang/workspace/terminandoyo/frontend/src/model/settings-types.ts": {"path":"/Users/wolfgang/workspace/terminandoyo/frontend/src/model/settings-types.ts","statementMap":{"0":{"start":{"line":33,"column":52},"end":{"line":42,"column":null}},"1":{"start":{"line":67,"column":46},"end":{"line":103,"column":null}}},"fnMap":{},"branchMap":{},"s":{"0":4,"1":4},"f":{},"b":{},"meta":{"lastBranch":0,"lastFunction":0,"lastStatement":2,"seen":{"s:33:52:42:Infinity":0,"s:67:46:103:Infinity":1}}}
,"/Users/wolfgang/workspace/terminandoyo/frontend/src/model/types.ts": {"path":"/Users/wolfgang/workspace/terminandoyo/frontend/src/model/types.ts","statementMap":{"0":{"start":{"line":293,"column":2},"end":{"line":295,"column":null}},"1":{"start":{"line":299,"column":2},"end":{"line":299,"column":null}},"2":{"start":{"line":303,"column":2},"end":{"line":303,"column":null}},"3":{"start":{"line":307,"column":2},"end":{"line":307,"column":null}},"4":{"start":{"line":311,"column":2},"end":{"line":311,"column":null}},"5":{"start":{"line":319,"column":2},"end":{"line":319,"column":null}},"6":{"start":{"line":319,"column":17},"end":{"line":319,"column":null}},"7":{"start":{"line":320,"column":2},"end":{"line":320,"column":null}},"8":{"start":{"line":320,"column":47},"end":{"line":320,"column":null}},"9":{"start":{"line":321,"column":2},"end":{"line":321,"column":null}}},"fnMap":{"0":{"name":"isThing","decl":{"start":{"line":292,"column":16},"end":{"line":292,"column":24}},"loc":{"start":{"line":292,"column":54},"end":{"line":296,"column":null}},"line":292},"1":{"name":"isInboxItem","decl":{"start":{"line":298,"column":16},"end":{"line":298,"column":28}},"loc":{"start":{"line":298,"column":58},"end":{"line":300,"column":null}},"line":298},"2":{"name":"isAction","decl":{"start":{"line":302,"column":16},"end":{"line":302,"column":25}},"loc":{"start":{"line":302,"column":55},"end":{"line":304,"column":null}},"line":302},"3":{"name":"isProject","decl":{"start":{"line":306,"column":16},"end":{"line":306,"column":26}},"loc":{"start":{"line":306,"column":58},"end":{"line":308,"column":null}},"line":306},"4":{"name":"isReferenceMaterial","decl":{"start":{"line":310,"column":16},"end":{"line":310,"column":36}},"loc":{"start":{"line":310,"column":78},"end":{"line":312,"column":null}},"line":310},"5":{"name":"getDisplayName","decl":{"start":{"line":318,"column":16},"end":{"line":318,"column":31}},"loc":{"start":{"line":318,"column":54},"end":{"line":322,"column":null}},"line":318}},"branchMap":{"0":{"loc":{"start":{"line":319,"column":2},"end":{"line":319,"column":null}},"type":"if","locations":[{"start":{"line":319,"column":2},"end":{"line":319,"column":null}},{"start":{},"end":{}}],"line":319},"1":{"loc":{"start":{"line":320,"column":2},"end":{"line":320,"column":null}},"type":"if","locations":[{"start":{"line":320,"column":2},"end":{"line":320,"column":null}},{"start":{},"end":{}}],"line":320},"2":{"loc":{"start":{"line":320,"column":6},"end":{"line":320,"column":47}},"type":"binary-expr","locations":[{"start":{"line":320,"column":6},"end":{"line":320,"column":30}},{"start":{"line":320,"column":30},"end":{"line":320,"column":47}}],"line":320}},"s":{"0":130,"1":0,"2":0,"3":0,"4":0,"5":353,"6":52,"7":301,"8":301,"9":0},"f":{"0":130,"1":0,"2":0,"3":0,"4":0,"5":353},"b":{"0":[52,301],"1":[301,0],"2":[301,301]},"meta":{"lastBranch":3,"lastFunction":6,"lastStatement":10,"seen":{"f:292:16:292:24":0,"s:293:2:295:Infinity":0,"f:298:16:298:28":1,"s:299:2:299:Infinity":1,"f:302:16:302:25":2,"s:303:2:303:Infinity":2,"f:306:16:306:26":3,"s:307:2:307:Infinity":3,"f:310:16:310:36":4,"s:311:2:311:Infinity":4,"f:318:16:318:31":5,"b:319:2:319:Infinity:undefined:undefined:undefined:undefined":0,"s:319:2:319:Infinity":5,"s:319:17:319:Infinity":6,"b:320:2:320:Infinity:undefined:undefined:undefined:undefined":1,"s:320:2:320:Infinity":7,"b:320:6:320:30:320:30:320:47":2,"s:320:47:320:Infinity":8,"s:321:2:321:Infinity":9}}}
}
